<?xml version="1.0" encoding="UTF-8"?>
<!-- Generated by org.testng.reporters.JUnitReportReporter -->
<testsuite skipped="0" hostname="DS-C101AA553646" name="com.cil.ui.TestCILPortal" tests="1" failures="0" timestamp="27 Dec 2017 07:16:06 GMT" time="5.396" errors="0">
  <testcase name="VerifyCILHomePageComponents" time="5.396" classname="com.cil.ui.TestCILPortal"/>
</testsuite> <!-- com.cil.ui.TestCILPortal -->
