<?xml version="1.0" encoding="UTF-8"?>
<!-- Generated by org.testng.reporters.JUnitReportReporter -->
<testsuite skipped="0" hostname="LP-R901072W" name="com.way2AutomationComponents.DatePicker" tests="2" failures="0" timestamp="07 Dec 2017 08:15:33 GMT" time="13.827" errors="0">
  <testcase name="defaultCalendar" time="10.930" classname="com.way2AutomationComponents.DatePicker"/>
  <testcase name="launchDatePickerControls" time="2.897" classname="com.way2AutomationComponents.DatePicker"/>
</testsuite> <!-- com.way2AutomationComponents.DatePicker -->
