<?xml version="1.0" encoding="UTF-8"?>
<!-- Generated by org.testng.reporters.JUnitReportReporter -->
<testsuite skipped="0" hostname="DS-C101AA553646" name="com.cil.ui.TestCILPortal" tests="1" failures="0" timestamp="22 Dec 2017 10:18:47 GMT" time="5.021" errors="0">
  <testcase name="VerifyCILHomePageComponents" time="5.021" classname="com.cil.ui.TestCILPortal"/>
</testsuite> <!-- com.cil.ui.TestCILPortal -->
