<?xml version="1.0" encoding="UTF-8"?>
<!-- Generated by org.testng.reporters.JUnitReportReporter -->
<testsuite skipped="0" hostname="LP-R901072W" name="com.way2AutomationComponents.DragAndDropControls" tests="3" failures="0" timestamp="05 Dec 2017 09:33:31 GMT" time="27.100" errors="0">
  <testcase name="DroppableBox" time="7.256" classname="com.way2AutomationComponents.DragAndDropControls"/>
  <testcase name="loginToWay2Automation" time="15.869" classname="com.way2AutomationComponents.DragAndDropControls"/>
  <testcase name="DraggableBox" time="3.975" classname="com.way2AutomationComponents.DragAndDropControls"/>
</testsuite> <!-- com.way2AutomationComponents.DragAndDropControls -->
