<?xml version="1.0" encoding="UTF-8"?>
<!-- Generated by org.testng.reporters.JUnitReportReporter -->
<testsuite skipped="0" hostname="LP-R901072W" name="com.way2AutomationComponents.ResizableComponent" tests="1" failures="0" timestamp="05 Dec 2017 11:19:50 GMT" time="4.024" errors="0">
  <testcase name="ResizableBox" time="4.024" classname="com.way2AutomationComponents.ResizableComponent"/>
</testsuite> <!-- com.way2AutomationComponents.ResizableComponent -->
