<?xml version="1.0" encoding="UTF-8"?>
<!-- Generated by org.testng.reporters.JUnitReportReporter -->
<testsuite skipped="0" hostname="DS-C101AA553646" name="com.cil.ui.CILTestSuite2" tests="2" failures="0" timestamp="05 Jan 2018 11:06:59 GMT" time="43.132" errors="0">
  <testcase name="VerifyLinksOnCILHomePage" time="18.389" classname="com.cil.ui.CILTestSuite2"/>
  <testcase name="VerifySignUpFunctionalityOnCILTest" time="24.743" classname="com.cil.ui.CILTestSuite2"/>
</testsuite> <!-- com.cil.ui.CILTestSuite2 -->
