<?xml version="1.0" encoding="UTF-8"?>
<!-- Generated by org.testng.reporters.JUnitReportReporter -->
<testsuite skipped="0" hostname="LP-R901072W" name="com.moco.RecruitPage" tests="2" failures="0" timestamp="01 Dec 2017 11:49:17 GMT" time="69.847" errors="1">
  <testcase name="launchRecruitPage" time="9.324" classname="com.moco.RecruitPage"/>
  <testcase name="recruitPlayers" time="60.523" classname="com.moco.RecruitPage">
    <error type="org.openqa.selenium.TimeoutException" message="Timed out after 60 seconds waiting for visibility of all [[[FirefoxDriver: firefox on WINDOWS (45e6be5c-4b25-4e6c-a2dd-b95e943c713d)] -&gt; xpath: //*[@id=&#039;game_content&#039;]//span[contains(@class,&#039;recruit_button&#039;)]], [[FirefoxDriver: firefox on WINDOWS (45e6be5c-4b25-4e6c-a2dd-b95e943c713d)] -&gt; xpath: //*[@id=&#039;game_content&#039;]//span[contains(@class,&#039;recruit_button&#039;)]], [[FirefoxDriver: firefox on WINDOWS (45e6be5c-4b25-4e6c-a2dd-b95e943c713d)] -&gt; xpath: //*[@id=&#039;game_content&#039;]//span[contains(@class,&#039;recruit_button&#039;)]], [[FirefoxDriver: firefox on WINDOWS (45e6be5c-4b25-4e6c-a2dd-b95e943c713d)] -&gt; xpath: //*[@id=&#039;game_content&#039;]//span[contains(@class,&#039;recruit_button&#039;)]], [[FirefoxDriver: firefox on WINDOWS (45e6be5c-4b25-4e6c-a2dd-b95e943c713d)] -&gt; xpath: //*[@id=&#039;game_content&#039;]//span[contains(@class,&#039;recruit_button&#039;)]], [[FirefoxDriver: firefox on WINDOWS (45e6be5c-4b25-4e6c-a2dd-b95e943c713d)] -&gt; xpath: //*[@id=&#039;game_content&#039;]//span[contains(@class,&#039;recruit_button&#039;)]], [[FirefoxDriver: firefox on WINDOWS (45e6be5c-4b25-4e6c-a2dd-b95e943c713d)] -&gt; xpath: //*[@id=&#039;game_content&#039;]//span[contains(@class,&#039;recruit_button&#039;)]], [[FirefoxDriver: firefox on WINDOWS (45e6be5c-4b25-4e6c-a2dd-b95e943c713d)] -&gt; xpath: //*[@id=&#039;game_content&#039;]//span[contains(@class,&#039;recruit_button&#039;)]], [[FirefoxDriver: firefox on WINDOWS (45e6be5c-4b25-4e6c-a2dd-b95e943c713d)] -&gt; xpath: //*[@id=&#039;game_content&#039;]//span[contains(@class,&#039;recruit_button&#039;)]], [[FirefoxDriver: firefox on WINDOWS (45e6be5c-4b25-4e6c-a2dd-b95e943c713d)] -&gt; xpath: //*[@id=&#039;game_content&#039;]//span[contains(@class,&#039;recruit_button&#039;)]], [[FirefoxDriver: firefox on WINDOWS (45e6be5c-4b25-4e6c-a2dd-b95e943c713d)] -&gt; xpath: //*[@id=&#039;game_content&#039;]//span[contains(@class,&#039;recruit_button&#039;)]], [[FirefoxDriver: firefox on WINDOWS (45e6be5c-4b25-4e6c-a2dd-b95e943c713d)] -&gt; xpath: //*[@id=&#039;game_content&#039;]//span[contains(@class,&#039;recruit_button&#039;)]], [[FirefoxDriver: firefox on WINDOWS (45e6be5c-4b25-4e6c-a2dd-b95e943c713d)] -&gt; xpath: //*[@id=&#039;game_content&#039;]//span[contains(@class,&#039;recruit_button&#039;)]], [[FirefoxDriver: firefox on WINDOWS (45e6be5c-4b25-4e6c-a2dd-b95e943c713d)] -&gt; xpath: //*[@id=&#039;game_content&#039;]//span[contains(@class,&#039;recruit_button&#039;)]], [[FirefoxDriver: firefox on WINDOWS (45e6be5c-4b25-4e6c-a2dd-b95e943c713d)] -&gt; xpath: //*[@id=&#039;game_content&#039;]//span[contains(@class,&#039;recruit_button&#039;)]], [[FirefoxDriver: firefox on WINDOWS (45e6be5c-4b25-4e6c-a2dd-b95e943c713d)] -&gt; xpath: //*[@id=&#039;game_content&#039;]//span[contains(@class,&#039;recruit_button&#039;)]], [[FirefoxDriver: firefox on WINDOWS (45e6be5c-4b25-4e6c-a2dd-b95e943c713d)] -&gt; xpath: //*[@id=&#039;game_content&#039;]//span[contains(@class,&#039;recruit_button&#039;)]], [[FirefoxDriver: firefox on WINDOWS (45e6be5c-4b25-4e6c-a2dd-b95e943c713d)] -&gt; xpath: //*[@id=&#039;game_content&#039;]//span[contains(@class,&#039;recruit_button&#039;)]], [[FirefoxDriver: firefox on WINDOWS (45e6be5c-4b25-4e6c-a2dd-b95e943c713d)] -&gt; xpath: //*[@id=&#039;game_content&#039;]//span[contains(@class,&#039;recruit_button&#039;)]], [[FirefoxDriver: firefox on WINDOWS (45e6be5c-4b25-4e6c-a2dd-b95e943c713d)] -&gt; xpath: //*[@id=&#039;game_content&#039;]//span[contains(@class,&#039;recruit_button&#039;)]], [[FirefoxDriver: firefox on WINDOWS (45e6be5c-4b25-4e6c-a2dd-b95e943c713d)] -&gt; xpath: //*[@id=&#039;game_content&#039;]//span[contains(@class,&#039;recruit_button&#039;)]], [[FirefoxDriver: firefox on WINDOWS (45e6be5c-4b25-4e6c-a2dd-b95e943c713d)] -&gt; xpath: //*[@id=&#039;game_content&#039;]//span[contains(@class,&#039;recruit_button&#039;)]], [[FirefoxDriver: firefox on WINDOWS (45e6be5c-4b25-4e6c-a2dd-b95e943c713d)] -&gt; xpath: //*[@id=&#039;game_content&#039;]//span[contains(@class,&#039;recruit_button&#039;)]], [[FirefoxDriver: firefox on WINDOWS (45e6be5c-4b25-4e6c-a2dd-b95e943c713d)] -&gt; xpath: //*[@id=&#039;game_content&#039;]//span[contains(@class,&#039;recruit_button&#039;)]], [[FirefoxDriver: firefox on WINDOWS (45e6be5c-4b25-4e6c-a2dd-b95e943c713d)] -&gt; xpath: //*[@id=&#039;game_content&#039;]//span[contains(@class,&#039;recruit_button&#039;)]], [[FirefoxDriver: firefox on WINDOWS (45e6be5c-4b25-4e6c-a2dd-b95e943c713d)] -&gt; xpath: //*[@id=&#039;game_content&#039;]//span[contains(@class,&#039;recruit_button&#039;)]], [[FirefoxDriver: firefox on WINDOWS (45e6be5c-4b25-4e6c-a2dd-b95e943c713d)] -&gt; xpath: //*[@id=&#039;game_content&#039;]//span[contains(@class,&#039;recruit_button&#039;)]], [[FirefoxDriver: firefox on WINDOWS (45e6be5c-4b25-4e6c-a2dd-b95e943c713d)] -&gt; xpath: //*[@id=&#039;game_content&#039;]//span[contains(@class,&#039;recruit_button&#039;)]], [[FirefoxDriver: firefox on WINDOWS (45e6be5c-4b25-4e6c-a2dd-b95e943c713d)] -&gt; xpath: //*[@id=&#039;game_content&#039;]//span[contains(@class,&#039;recruit_button&#039;)]], [[FirefoxDriver: firefox on WINDOWS (45e6be5c-4b25-4e6c-a2dd-b95e943c713d)] -&gt; xpath: //*[@id=&#039;game_content&#039;]//span[contains(@class,&#039;recruit_button&#039;)]], [[FirefoxDriver: firefox on WINDOWS (45e6be5c-4b25-4e6c-a2dd-b95e943c713d)] -&gt; xpath: //*[@id=&#039;game_content&#039;]//span[contains(@class,&#039;recruit_button&#039;)]], [[FirefoxDriver: firefox on WINDOWS (45e6be5c-4b25-4e6c-a2dd-b95e943c713d)] -&gt; xpath: //*[@id=&#039;game_content&#039;]//span[contains(@class,&#039;recruit_button&#039;)]], [[FirefoxDriver: firefox on WINDOWS (45e6be5c-4b25-4e6c-a2dd-b95e943c713d)] -&gt; xpath: //*[@id=&#039;game_content&#039;]//span[contains(@class,&#039;recruit_button&#039;)]], [[FirefoxDriver: firefox on WINDOWS (45e6be5c-4b25-4e6c-a2dd-b95e943c713d)] -&gt; xpath: //*[@id=&#039;game_content&#039;]//span[contains(@class,&#039;recruit_button&#039;)]], [[FirefoxDriver: firefox on WINDOWS (45e6be5c-4b25-4e6c-a2dd-b95e943c713d)] -&gt; xpath: //*[@id=&#039;game_content&#039;]//span[contains(@class,&#039;recruit_button&#039;)]], [[FirefoxDriver: firefox on WINDOWS (45e6be5c-4b25-4e6c-a2dd-b95e943c713d)] -&gt; xpath: //*[@id=&#039;game_content&#039;]//span[contains(@class,&#039;recruit_button&#039;)]], [[FirefoxDriver: firefox on WINDOWS (45e6be5c-4b25-4e6c-a2dd-b95e943c713d)] -&gt; xpath: //*[@id=&#039;game_content&#039;]//span[contains(@class,&#039;recruit_button&#039;)]], [[FirefoxDriver: firefox on WINDOWS (45e6be5c-4b25-4e6c-a2dd-b95e943c713d)] -&gt; xpath: //*[@id=&#039;game_content&#039;]//span[contains(@class,&#039;recruit_button&#039;)]], [[FirefoxDriver: firefox on WINDOWS (45e6be5c-4b25-4e6c-a2dd-b95e943c713d)] -&gt; xpath: //*[@id=&#039;game_content&#039;]//span[contains(@class,&#039;recruit_button&#039;)]], [[FirefoxDriver: firefox on WINDOWS (45e6be5c-4b25-4e6c-a2dd-b95e943c713d)] -&gt; xpath: //*[@id=&#039;game_content&#039;]//span[contains(@class,&#039;recruit_button&#039;)]], [[FirefoxDriver: firefox on WINDOWS (45e6be5c-4b25-4e6c-a2dd-b95e943c713d)] -&gt; xpath: //*[@id=&#039;game_content&#039;]//span[contains(@class,&#039;recruit_button&#039;)]], [[FirefoxDriver: firefox on WINDOWS (45e6be5c-4b25-4e6c-a2dd-b95e943c713d)] -&gt; xpath: //*[@id=&#039;game_content&#039;]//span[contains(@class,&#039;recruit_button&#039;)]], [[FirefoxDriver: firefox on WINDOWS (45e6be5c-4b25-4e6c-a2dd-b95e943c713d)] -&gt; xpath: //*[@id=&#039;game_content&#039;]//span[contains(@class,&#039;recruit_button&#039;)]], [[FirefoxDriver: firefox on WINDOWS (45e6be5c-4b25-4e6c-a2dd-b95e943c713d)] -&gt; xpath: //*[@id=&#039;game_content&#039;]//span[contains(@class,&#039;recruit_button&#039;)]], [[FirefoxDriver: firefox on WINDOWS (45e6be5c-4b25-4e6c-a2dd-b95e943c713d)] -&gt; xpath: //*[@id=&#039;game_content&#039;]//span[contains(@class,&#039;recruit_button&#039;)]], [[FirefoxDriver: firefox on WINDOWS (45e6be5c-4b25-4e6c-a2dd-b95e943c713d)] -&gt; xpath: //*[@id=&#039;game_content&#039;]//span[contains(@class,&#039;recruit_button&#039;)]], [[FirefoxDriver: firefox on WINDOWS (45e6be5c-4b25-4e6c-a2dd-b95e943c713d)] -&gt; xpath: //*[@id=&#039;game_content&#039;]//span[contains(@class,&#039;recruit_button&#039;)]], [[FirefoxDriver: firefox on WINDOWS (45e6be5c-4b25-4e6c-a2dd-b95e943c713d)] -&gt; xpath: //*[@id=&#039;game_content&#039;]//span[contains(@class,&#039;recruit_button&#039;)]], [[FirefoxDriver: firefox on WINDOWS (45e6be5c-4b25-4e6c-a2dd-b95e943c713d)] -&gt; xpath: //*[@id=&#039;game_content&#039;]//span[contains(@class,&#039;recruit_button&#039;)]], [[FirefoxDriver: firefox on WINDOWS (45e6be5c-4b25-4e6c-a2dd-b95e943c713d)] -&gt; xpath: //*[@id=&#039;game_content&#039;]//span[contains(@class,&#039;recruit_button&#039;)]], [[FirefoxDriver: firefox on WINDOWS (45e6be5c-4b25-4e6c-a2dd-b95e943c713d)] -&gt; xpath: //*[@id=&#039;game_content&#039;]//span[contains(@class,&#039;recruit_button&#039;)]], [[FirefoxDriver: firefox on WINDOWS (45e6be5c-4b25-4e6c-a2dd-b95e943c713d)] -&gt; xpath: //*[@id=&#039;game_content&#039;]//span[contains(@class,&#039;recruit_button&#039;)]], [[FirefoxDriver: firefox on WINDOWS (45e6be5c-4b25-4e6c-a2dd-b95e943c713d)] -&gt; xpath: //*[@id=&#039;game_content&#039;]//span[contains(@class,&#039;recruit_button&#039;)]], [[FirefoxDriver: firefox on WINDOWS (45e6be5c-4b25-4e6c-a2dd-b95e943c713d)] -&gt; xpath: //*[@id=&#039;game_content&#039;]//span[contains(@class,&#039;recruit_button&#039;)]], [[FirefoxDriver: firefox on WINDOWS (45e6be5c-4b25-4e6c-a2dd-b95e943c713d)] -&gt; xpath: //*[@id=&#039;game_content&#039;]//span[contains(@class,&#039;recruit_button&#039;)]], [[FirefoxDriver: firefox on WINDOWS (45e6be5c-4b25-4e6c-a2dd-b95e943c713d)] -&gt; xpath: //*[@id=&#039;game_content&#039;]//span[contains(@class,&#039;recruit_button&#039;)]], [[FirefoxDriver: firefox on WINDOWS (45e6be5c-4b25-4e6c-a2dd-b95e943c713d)] -&gt; xpath: //*[@id=&#039;game_content&#039;]//span[contains(@class,&#039;recruit_button&#039;)]], [[FirefoxDriver: firefox on WINDOWS (45e6be5c-4b25-4e6c-a2dd-b95e943c713d)] -&gt; xpath: //*[@id=&#039;game_content&#039;]//span[contains(@class,&#039;recruit_button&#039;)]], [[FirefoxDriver: firefox on WINDOWS (45e6be5c-4b25-4e6c-a2dd-b95e943c713d)] -&gt; xpath: //*[@id=&#039;game_content&#039;]//span[contains(@class,&#039;recruit_button&#039;)]], [[FirefoxDriver: firefox on WINDOWS (45e6be5c-4b25-4e6c-a2dd-b95e943c713d)] -&gt; xpath: //*[@id=&#039;game_content&#039;]//span[contains(@class,&#039;recruit_button&#039;)]], [[FirefoxDriver: firefox on WINDOWS (45e6be5c-4b25-4e6c-a2dd-b95e943c713d)] -&gt; xpath: //*[@id=&#039;game_content&#039;]//span[contains(@class,&#039;recruit_button&#039;)]], [[FirefoxDriver: firefox on WINDOWS (45e6be5c-4b25-4e6c-a2dd-b95e943c713d)] -&gt; xpath: //*[@id=&#039;game_content&#039;]//span[contains(@class,&#039;recruit_button&#039;)]], [[FirefoxDriver: firefox on WINDOWS (45e6be5c-4b25-4e6c-a2dd-b95e943c713d)] -&gt; xpath: //*[@id=&#039;game_content&#039;]//span[contains(@class,&#039;recruit_button&#039;)]], [[FirefoxDriver: firefox on WINDOWS (45e6be5c-4b25-4e6c-a2dd-b95e943c713d)] -&gt; xpath: //*[@id=&#039;game_content&#039;]//span[contains(@class,&#039;recruit_button&#039;)]], [[FirefoxDriver: firefox on WINDOWS (45e6be5c-4b25-4e6c-a2dd-b95e943c713d)] -&gt; xpath: //*[@id=&#039;game_content&#039;]//span[contains(@class,&#039;recruit_button&#039;)]], [[FirefoxDriver: firefox on WINDOWS (45e6be5c-4b25-4e6c-a2dd-b95e943c713d)] -&gt; xpath: //*[@id=&#039;game_content&#039;]//span[contains(@class,&#039;recruit_button&#039;)]], [[FirefoxDriver: firefox on WINDOWS (45e6be5c-4b25-4e6c-a2dd-b95e943c713d)] -&gt; xpath: //*[@id=&#039;game_content&#039;]//span[contains(@class,&#039;recruit_button&#039;)]], [[FirefoxDriver: firefox on WINDOWS (45e6be5c-4b25-4e6c-a2dd-b95e943c713d)] -&gt; xpath: //*[@id=&#039;game_content&#039;]//span[contains(@class,&#039;recruit_button&#039;)]], [[FirefoxDriver: firefox on WINDOWS (45e6be5c-4b25-4e6c-a2dd-b95e943c713d)] -&gt; xpath: //*[@id=&#039;game_content&#039;]//span[contains(@class,&#039;recruit_button&#039;)]], [[FirefoxDriver: firefox on WINDOWS (45e6be5c-4b25-4e6c-a2dd-b95e943c713d)] -&gt; xpath: //*[@id=&#039;game_content&#039;]//span[contains(@class,&#039;recruit_button&#039;)]], [[FirefoxDriver: firefox on WINDOWS (45e6be5c-4b25-4e6c-a2dd-b95e943c713d)] -&gt; xpath: //*[@id=&#039;game_content&#039;]//span[contains(@class,&#039;recruit_button&#039;)]], [[FirefoxDriver: firefox on WINDOWS (45e6be5c-4b25-4e6c-a2dd-b95e943c713d)] -&gt; xpath: //*[@id=&#039;game_content&#039;]//span[contains(@class,&#039;recruit_button&#039;)]], [[FirefoxDriver: firefox on WINDOWS (45e6be5c-4b25-4e6c-a2dd-b95e943c713d)] -&gt; xpath: //*[@id=&#039;game_content&#039;]//span[contains(@class,&#039;recruit_button&#039;)]], [[FirefoxDriver: firefox on WINDOWS (45e6be5c-4b25-4e6c-a2dd-b95e943c713d)] -&gt; xpath: //*[@id=&#039;game_content&#039;]//span[contains(@class,&#039;recruit_button&#039;)]], [[FirefoxDriver: firefox on WINDOWS (45e6be5c-4b25-4e6c-a2dd-b95e943c713d)] -&gt; xpath: //*[@id=&#039;game_content&#039;]//span[contains(@class,&#039;recruit_button&#039;)]], [[FirefoxDriver: firefox on WINDOWS (45e6be5c-4b25-4e6c-a2dd-b95e943c713d)] -&gt; xpath: //*[@id=&#039;game_content&#039;]//span[contains(@class,&#039;recruit_button&#039;)]], [[FirefoxDriver: firefox on WINDOWS (45e6be5c-4b25-4e6c-a2dd-b95e943c713d)] -&gt; xpath: //*[@id=&#039;game_content&#039;]//span[contains(@class,&#039;recruit_button&#039;)]], [[FirefoxDriver: firefox on WINDOWS (45e6be5c-4b25-4e6c-a2dd-b95e943c713d)] -&gt; xpath: //*[@id=&#039;game_content&#039;]//span[contains(@class,&#039;recruit_button&#039;)]], [[FirefoxDriver: firefox on WINDOWS (45e6be5c-4b25-4e6c-a2dd-b95e943c713d)] -&gt; xpath: //*[@id=&#039;game_content&#039;]//span[contains(@class,&#039;recruit_button&#039;)]], [[FirefoxDriver: firefox on WINDOWS (45e6be5c-4b25-4e6c-a2dd-b95e943c713d)] -&gt; xpath: //*[@id=&#039;game_content&#039;]//span[contains(@class,&#039;recruit_button&#039;)]], [[FirefoxDriver: firefox on WINDOWS (45e6be5c-4b25-4e6c-a2dd-b95e943c713d)] -&gt; xpath: //*[@id=&#039;game_content&#039;]//span[contains(@class,&#039;recruit_button&#039;)]], [[FirefoxDriver: firefox on WINDOWS (45e6be5c-4b25-4e6c-a2dd-b95e943c713d)] -&gt; xpath: //*[@id=&#039;game_content&#039;]//span[contains(@class,&#039;recruit_button&#039;)]], [[FirefoxDriver: firefox on WINDOWS (45e6be5c-4b25-4e6c-a2dd-b95e943c713d)] -&gt; xpath: //*[@id=&#039;game_content&#039;]//span[contains(@class,&#039;recruit_button&#039;)]], [[FirefoxDriver: firefox on WINDOWS (45e6be5c-4b25-4e6c-a2dd-b95e943c713d)] -&gt; xpath: //*[@id=&#039;game_content&#039;]//span[contains(@class,&#039;recruit_button&#039;)]], [[FirefoxDriver: firefox on WINDOWS (45e6be5c-4b25-4e6c-a2dd-b95e943c713d)] -&gt; xpath: //*[@id=&#039;game_content&#039;]//span[contains(@class,&#039;recruit_button&#039;)]], [[FirefoxDriver: firefox on WINDOWS (45e6be5c-4b25-4e6c-a2dd-b95e943c713d)] -&gt; xpath: //*[@id=&#039;game_content&#039;]//span[contains(@class,&#039;recruit_button&#039;)]], [[FirefoxDriver: firefox on WINDOWS (45e6be5c-4b25-4e6c-a2dd-b95e943c713d)] -&gt; xpath: //*[@id=&#039;game_content&#039;]//span[contains(@class,&#039;recruit_button&#039;)]], [[FirefoxDriver: firefox on WINDOWS (45e6be5c-4b25-4e6c-a2dd-b95e943c713d)] -&gt; xpath: //*[@id=&#039;game_content&#039;]//span[contains(@class,&#039;recruit_button&#039;)]], [[FirefoxDriver: firefox on WINDOWS (45e6be5c-4b25-4e6c-a2dd-b95e943c713d)] -&gt; xpath: //*[@id=&#039;game_content&#039;]//span[contains(@class,&#039;recruit_button&#039;)]], [[FirefoxDriver: firefox on WINDOWS (45e6be5c-4b25-4e6c-a2dd-b95e943c713d)] -&gt; xpath: //*[@id=&#039;game_content&#039;]//span[contains(@class,&#039;recruit_button&#039;)]], [[FirefoxDriver: firefox on WINDOWS (45e6be5c-4b25-4e6c-a2dd-b95e943c713d)] -&gt; xpath: //*[@id=&#039;game_content&#039;]//span[contains(@class,&#039;recruit_button&#039;)]], [[FirefoxDriver: firefox on WINDOWS (45e6be5c-4b25-4e6c-a2dd-b95e943c713d)] -&gt; xpath: //*[@id=&#039;game_content&#039;]//span[contains(@class,&#039;recruit_button&#039;)]], [[FirefoxDriver: firefox on WINDOWS (45e6be5c-4b25-4e6c-a2dd-b95e943c713d)] -&gt; xpath: //*[@id=&#039;game_content&#039;]//span[contains(@class,&#039;recruit_button&#039;)]], [[FirefoxDriver: firefox on WINDOWS (45e6be5c-4b25-4e6c-a2dd-b95e943c713d)] -&gt; xpath: //*[@id=&#039;game_content&#039;]//span[contains(@class,&#039;recruit_button&#039;)]], [[FirefoxDriver: firefox on WINDOWS (45e6be5c-4b25-4e6c-a2dd-b95e943c713d)] -&gt; xpath: //*[@id=&#039;game_content&#039;]//span[contains(@class,&#039;recruit_button&#039;)]], [[FirefoxDriver: firefox on WINDOWS (45e6be5c-4b25-4e6c-a2dd-b95e943c713d)] -&gt; xpath: //*[@id=&#039;game_content&#039;]//span[contains(@class,&#039;recruit_button&#039;)]], [[FirefoxDriver: firefox on WINDOWS (45e6be5c-4b25-4e6c-a2dd-b95e943c713d)] -&gt; xpath: //*[@id=&#039;game_content&#039;]//span[contains(@class,&#039;recruit_button&#039;)]], [[FirefoxDriver: firefox on WINDOWS (45e6be5c-4b25-4e6c-a2dd-b95e943c713d)] -&gt; xpath: //*[@id=&#039;game_content&#039;]//span[contains(@class,&#039;recruit_button&#039;)]], [[FirefoxDriver: firefox on WINDOWS (45e6be5c-4b25-4e6c-a2dd-b95e943c713d)] -&gt; xpath: //*[@id=&#039;game_content&#039;]//span[contains(@class,&#039;recruit_button&#039;)]], [[FirefoxDriver: firefox on WINDOWS (45e6be5c-4b25-4e6c-a2dd-b95e943c713d)] -&gt; xpath: //*[@id=&#039;game_content&#039;]//span[contains(@class,&#039;recruit_button&#039;)]], [[FirefoxDriver: firefox on WINDOWS (45e6be5c-4b25-4e6c-a2dd-b95e943c713d)] -&gt; xpath: //*[@id=&#039;game_content&#039;]//span[contains(@class,&#039;recruit_button&#039;)]], [[FirefoxDriver: firefox on WINDOWS (45e6be5c-4b25-4e6c-a2dd-b95e943c713d)] -&gt; xpath: //*[@id=&#039;game_content&#039;]//span[contains(@class,&#039;recruit_button&#039;)]], [[FirefoxDriver: firefox on WINDOWS (45e6be5c-4b25-4e6c-a2dd-b95e943c713d)] -&gt; xpath: //*[@id=&#039;game_content&#039;]//span[contains(@class,&#039;recruit_button&#039;)]], [[FirefoxDriver: firefox on WINDOWS (45e6be5c-4b25-4e6c-a2dd-b95e943c713d)] -&gt; xpath: //*[@id=&#039;game_content&#039;]//span[contains(@class,&#039;recruit_button&#039;)]], [[FirefoxDriver: firefox on WINDOWS (45e6be5c-4b25-4e6c-a2dd-b95e943c713d)] -&gt; xpath: //*[@id=&#039;game_content&#039;]//span[contains(@class,&#039;recruit_button&#039;)]], [[FirefoxDriver: firefox on WINDOWS (45e6be5c-4b25-4e6c-a2dd-b95e943c713d)] -&gt; xpath: //*[@id=&#039;game_content&#039;]//span[contains(@class,&#039;recruit_button&#039;)]], [[FirefoxDriver: firefox on WINDOWS (45e6be5c-4b25-4e6c-a2dd-b95e943c713d)] -&gt; xpath: //*[@id=&#039;game_content&#039;]//span[contains(@class,&#039;recruit_button&#039;)]], [[FirefoxDriver: firefox on WINDOWS (45e6be5c-4b25-4e6c-a2dd-b95e943c713d)] -&gt; xpath: //*[@id=&#039;game_content&#039;]//span[contains(@class,&#039;recruit_button&#039;)]], [[FirefoxDriver: firefox on WINDOWS (45e6be5c-4b25-4e6c-a2dd-b95e943c713d)] -&gt; xpath: //*[@id=&#039;game_content&#039;]//span[contains(@class,&#039;recruit_button&#039;)]], [[FirefoxDriver: firefox on WINDOWS (45e6be5c-4b25-4e6c-a2dd-b95e943c713d)] -&gt; xpath: //*[@id=&#039;game_content&#039;]//span[contains(@class,&#039;recruit_button&#039;)]], [[FirefoxDriver: firefox on WINDOWS (45e6be5c-4b25-4e6c-a2dd-b95e943c713d)] -&gt; xpath: //*[@id=&#039;game_content&#039;]//span[contains(@class,&#039;recruit_button&#039;)]], [[FirefoxDriver: firefox on WINDOWS (45e6be5c-4b25-4e6c-a2dd-b95e943c713d)] -&gt; xpath: //*[@id=&#039;game_content&#039;]//span[contains(@class,&#039;recruit_button&#039;)]], [[FirefoxDriver: firefox on WINDOWS (45e6be5c-4b25-4e6c-a2dd-b95e943c713d)] -&gt; xpath: //*[@id=&#039;game_content&#039;]//span[contains(@class,&#039;recruit_button&#039;)]], [[FirefoxDriver: firefox on WINDOWS (45e6be5c-4b25-4e6c-a2dd-b95e943c713d)] -&gt; xpath: //*[@id=&#039;game_content&#039;]//span[contains(@class,&#039;recruit_button&#039;)]], [[FirefoxDriver: firefox on WINDOWS (45e6be5c-4b25-4e6c-a2dd-b95e943c713d)] -&gt; xpath: //*[@id=&#039;game_content&#039;]//span[contains(@class,&#039;recruit_button&#039;)]], [[FirefoxDriver: firefox on WINDOWS (45e6be5c-4b25-4e6c-a2dd-b95e943c713d)] -&gt; xpath: //*[@id=&#039;game_content&#039;]//span[contains(@class,&#039;recruit_button&#039;)]], [[FirefoxDriver: firefox on WINDOWS (45e6be5c-4b25-4e6c-a2dd-b95e943c713d)] -&gt; xpath: //*[@id=&#039;game_content&#039;]//span[contains(@class,&#039;recruit_button&#039;)]], [[FirefoxDriver: firefox on WINDOWS (45e6be5c-4b25-4e6c-a2dd-b95e943c713d)] -&gt; xpath: //*[@id=&#039;game_content&#039;]//span[contains(@class,&#039;recruit_button&#039;)]], [[FirefoxDriver: firefox on WINDOWS (45e6be5c-4b25-4e6c-a2dd-b95e943c713d)] -&gt; xpath: //*[@id=&#039;game_content&#039;]//span[contains(@class,&#039;recruit_button&#039;)]], [[FirefoxDriver: firefox on WINDOWS (45e6be5c-4b25-4e6c-a2dd-b95e943c713d)] -&gt; xpath: //*[@id=&#039;game_content&#039;]//span[contains(@class,&#039;recruit_button&#039;)]], [[FirefoxDriver: firefox on WINDOWS (45e6be5c-4b25-4e6c-a2dd-b95e943c713d)] -&gt; xpath: //*[@id=&#039;game_content&#039;]//span[contains(@class,&#039;recruit_button&#039;)]], [[FirefoxDriver: firefox on WINDOWS (45e6be5c-4b25-4e6c-a2dd-b95e943c713d)] -&gt; xpath: //*[@id=&#039;game_content&#039;]//span[contains(@class,&#039;recruit_button&#039;)]], [[FirefoxDriver: firefox on WINDOWS (45e6be5c-4b25-4e6c-a2dd-b95e943c713d)] -&gt; xpath: //*[@id=&#039;game_content&#039;]//span[contains(@class,&#039;recruit_button&#039;)]], [[FirefoxDriver: firefox on WINDOWS (45e6be5c-4b25-4e6c-a2dd-b95e943c713d)] -&gt; xpath: //*[@id=&#039;game_content&#039;]//span[contains(@class,&#039;recruit_button&#039;)]], [[FirefoxDriver: firefox on WINDOWS (45e6be5c-4b25-4e6c-a2dd-b95e943c713d)] -&gt; xpath: //*[@id=&#039;game_content&#039;]//span[contains(@class,&#039;recruit_button&#039;)]], [[FirefoxDriver: firefox on WINDOWS (45e6be5c-4b25-4e6c-a2dd-b95e943c713d)] -&gt; xpath: //*[@id=&#039;game_content&#039;]//span[contains(@class,&#039;recruit_button&#039;)]], [[FirefoxDriver: firefox on WINDOWS (45e6be5c-4b25-4e6c-a2dd-b95e943c713d)] -&gt; xpath: //*[@id=&#039;game_content&#039;]//span[contains(@class,&#039;recruit_button&#039;)]], [[FirefoxDriver: firefox on WINDOWS (45e6be5c-4b25-4e6c-a2dd-b95e943c713d)] -&gt; xpath: //*[@id=&#039;game_content&#039;]//span[contains(@class,&#039;recruit_button&#039;)]], [[FirefoxDriver: firefox on WINDOWS (45e6be5c-4b25-4e6c-a2dd-b95e943c713d)] -&gt; xpath: //*[@id=&#039;game_content&#039;]//span[contains(@class,&#039;recruit_button&#039;)]], [[FirefoxDriver: firefox on WINDOWS (45e6be5c-4b25-4e6c-a2dd-b95e943c713d)] -&gt; xpath: //*[@id=&#039;game_content&#039;]//span[contains(@class,&#039;recruit_button&#039;)]], [[FirefoxDriver: firefox on WINDOWS (45e6be5c-4b25-4e6c-a2dd-b95e943c713d)] -&gt; xpath: //*[@id=&#039;game_content&#039;]//span[contains(@class,&#039;recruit_button&#039;)]], [[FirefoxDriver: firefox on WINDOWS (45e6be5c-4b25-4e6c-a2dd-b95e943c713d)] -&gt; xpath: //*[@id=&#039;game_content&#039;]//span[contains(@class,&#039;recruit_button&#039;)]], [[FirefoxDriver: firefox on WINDOWS (45e6be5c-4b25-4e6c-a2dd-b95e943c713d)] -&gt; xpath: //*[@id=&#039;game_content&#039;]//span[contains(@class,&#039;recruit_button&#039;)]], [[FirefoxDriver: firefox on WINDOWS (45e6be5c-4b25-4e6c-a2dd-b95e943c713d)] -&gt; xpath: //*[@id=&#039;game_content&#039;]//span[contains(@class,&#039;recruit_button&#039;)]], [[FirefoxDriver: firefox on WINDOWS (45e6be5c-4b25-4e6c-a2dd-b95e943c713d)] -&gt; xpath: //*[@id=&#039;game_content&#039;]//span[contains(@class,&#039;recruit_button&#039;)]], [[FirefoxDriver: firefox on WINDOWS (45e6be5c-4b25-4e6c-a2dd-b95e943c713d)] -&gt; xpath: //*[@id=&#039;game_content&#039;]//span[contains(@class,&#039;recruit_button&#039;)]], [[FirefoxDriver: firefox on WINDOWS (45e6be5c-4b25-4e6c-a2dd-b95e943c713d)] -&gt; xpath: //*[@id=&#039;game_content&#039;]//span[contains(@class,&#039;recruit_button&#039;)]], [[FirefoxDriver: firefox on WINDOWS (45e6be5c-4b25-4e6c-a2dd-b95e943c713d)] -&gt; xpath: //*[@id=&#039;game_content&#039;]//span[contains(@class,&#039;recruit_button&#039;)]], [[FirefoxDriver: firefox on WINDOWS (45e6be5c-4b25-4e6c-a2dd-b95e943c713d)] -&gt; xpath: //*[@id=&#039;game_content&#039;]//span[contains(@class,&#039;recruit_button&#039;)]], [[FirefoxDriver: firefox on WINDOWS (45e6be5c-4b25-4e6c-a2dd-b95e943c713d)] -&gt; xpath: //*[@id=&#039;game_content&#039;]//span[contains(@class,&#039;recruit_button&#039;)]], [[FirefoxDriver: firefox on WINDOWS (45e6be5c-4b25-4e6c-a2dd-b95e943c713d)] -&gt; xpath: //*[@id=&#039;game_content&#039;]//span[contains(@class,&#039;recruit_button&#039;)]], [[FirefoxDriver: firefox on WINDOWS (45e6be5c-4b25-4e6c-a2dd-b95e943c713d)] -&gt; xpath: //*[@id=&#039;game_content&#039;]//span[contains(@class,&#039;recruit_button&#039;)]], [[FirefoxDriver: firefox on WINDOWS (45e6be5c-4b25-4e6c-a2dd-b95e943c713d)] -&gt; xpath: //*[@id=&#039;game_content&#039;]//span[contains(@class,&#039;recruit_button&#039;)]], [[FirefoxDriver: firefox on WINDOWS (45e6be5c-4b25-4e6c-a2dd-b95e943c713d)] -&gt; xpath: //*[@id=&#039;game_content&#039;]//span[contains(@class,&#039;recruit_button&#039;)]], [[FirefoxDriver: firefox on WINDOWS (45e6be5c-4b25-4e6c-a2dd-b95e943c713d)] -&gt; xpath: //*[@id=&#039;game_content&#039;]//span[contains(@class,&#039;recruit_button&#039;)]], [[FirefoxDriver: firefox on WINDOWS (45e6be5c-4b25-4e6c-a2dd-b95e943c713d)] -&gt; xpath: //*[@id=&#039;game_content&#039;]//span[contains(@class,&#039;recruit_button&#039;)]], [[FirefoxDriver: firefox on WINDOWS (45e6be5c-4b25-4e6c-a2dd-b95e943c713d)] -&gt; xpath: //*[@id=&#039;game_content&#039;]//span[contains(@class,&#039;recruit_button&#039;)]], [[FirefoxDriver: firefox on WINDOWS (45e6be5c-4b25-4e6c-a2dd-b95e943c713d)] -&gt; xpath: //*[@id=&#039;game_content&#039;]//span[contains(@class,&#039;recruit_button&#039;)]], [[FirefoxDriver: firefox on WINDOWS (45e6be5c-4b25-4e6c-a2dd-b95e943c713d)] -&gt; xpath: //*[@id=&#039;game_content&#039;]//span[contains(@class,&#039;recruit_button&#039;)]], [[FirefoxDriver: firefox on WINDOWS (45e6be5c-4b25-4e6c-a2dd-b95e943c713d)] -&gt; xpath: //*[@id=&#039;game_content&#039;]//span[contains(@class,&#039;recruit_button&#039;)]], [[FirefoxDriver: firefox on WINDOWS (45e6be5c-4b25-4e6c-a2dd-b95e943c713d)] -&gt; xpath: //*[@id=&#039;game_content&#039;]//span[contains(@class,&#039;recruit_button&#039;)]], [[FirefoxDriver: firefox on WINDOWS (45e6be5c-4b25-4e6c-a2dd-b95e943c713d)] -&gt; xpath: //*[@id=&#039;game_content&#039;]//span[contains(@class,&#039;recruit_button&#039;)]], [[FirefoxDriver: firefox on WINDOWS (45e6be5c-4b25-4e6c-a2dd-b95e943c713d)] -&gt; xpath: //*[@id=&#039;game_content&#039;]//span[contains(@class,&#039;recruit_button&#039;)]], [[FirefoxDriver: firefox on WINDOWS (45e6be5c-4b25-4e6c-a2dd-b95e943c713d)] -&gt; xpath: //*[@id=&#039;game_content&#039;]//span[contains(@class,&#039;recruit_button&#039;)]], [[FirefoxDriver: firefox on WINDOWS (45e6be5c-4b25-4e6c-a2dd-b95e943c713d)] -&gt; xpath: //*[@id=&#039;game_content&#039;]//span[contains(@class,&#039;recruit_button&#039;)]], [[FirefoxDriver: firefox on WINDOWS (45e6be5c-4b25-4e6c-a2dd-b95e943c713d)] -&gt; xpath: //*[@id=&#039;game_content&#039;]//span[contains(@class,&#039;recruit_button&#039;)]], [[FirefoxDriver: firefox on WINDOWS (45e6be5c-4b25-4e6c-a2dd-b95e943c713d)] -&gt; xpath: //*[@id=&#039;game_content&#039;]//span[contains(@class,&#039;recruit_button&#039;)]], [[FirefoxDriver: firefox on WINDOWS (45e6be5c-4b25-4e6c-a2dd-b95e943c713d)] -&gt; xpath: //*[@id=&#039;game_content&#039;]//span[contains(@class,&#039;recruit_button&#039;)]], [[FirefoxDriver: firefox on WINDOWS (45e6be5c-4b25-4e6c-a2dd-b95e943c713d)] -&gt; xpath: //*[@id=&#039;game_content&#039;]//span[contains(@class,&#039;recruit_button&#039;)]], [[FirefoxDriver: firefox on WINDOWS (45e6be5c-4b25-4e6c-a2dd-b95e943c713d)] -&gt; xpath: //*[@id=&#039;game_content&#039;]//span[contains(@class,&#039;recruit_button&#039;)]], [[FirefoxDriver: firefox on WINDOWS (45e6be5c-4b25-4e6c-a2dd-b95e943c713d)] -&gt; xpath: //*[@id=&#039;game_content&#039;]//span[contains(@class,&#039;recruit_button&#039;)]], [[FirefoxDriver: firefox on WINDOWS (45e6be5c-4b25-4e6c-a2dd-b95e943c713d)] -&gt; xpath: //*[@id=&#039;game_content&#039;]//span[contains(@class,&#039;recruit_button&#039;)]], [[FirefoxDriver: firefox on WINDOWS (45e6be5c-4b25-4e6c-a2dd-b95e943c713d)] -&gt; xpath: //*[@id=&#039;game_content&#039;]//span[contains(@class,&#039;recruit_button&#039;)]], [[FirefoxDriver: firefox on WINDOWS (45e6be5c-4b25-4e6c-a2dd-b95e943c713d)] -&gt; xpath: //*[@id=&#039;game_content&#039;]//span[contains(@class,&#039;recruit_button&#039;)]], [[FirefoxDriver: firefox on WINDOWS (45e6be5c-4b25-4e6c-a2dd-b95e943c713d)] -&gt; xpath: //*[@id=&#039;game_content&#039;]//span[contains(@class,&#039;recruit_button&#039;)]], [[FirefoxDriver: firefox on WINDOWS (45e6be5c-4b25-4e6c-a2dd-b95e943c713d)] -&gt; xpath: //*[@id=&#039;game_content&#039;]//span[contains(@class,&#039;recruit_button&#039;)]], [[FirefoxDriver: firefox on WINDOWS (45e6be5c-4b25-4e6c-a2dd-b95e943c713d)] -&gt; xpath: //*[@id=&#039;game_content&#039;]//span[contains(@class,&#039;recruit_button&#039;)]], [[FirefoxDriver: firefox on WINDOWS (45e6be5c-4b25-4e6c-a2dd-b95e943c713d)] -&gt; xpath: //*[@id=&#039;game_content&#039;]//span[contains(@class,&#039;recruit_button&#039;)]], [[FirefoxDriver: firefox on WINDOWS (45e6be5c-4b25-4e6c-a2dd-b95e943c713d)] -&gt; xpath: //*[@id=&#039;game_content&#039;]//span[contains(@class,&#039;recruit_button&#039;)]], [[FirefoxDriver: firefox on WINDOWS (45e6be5c-4b25-4e6c-a2dd-b95e943c713d)] -&gt; xpath: //*[@id=&#039;game_content&#039;]//span[contains(@class,&#039;recruit_button&#039;)]], [[FirefoxDriver: firefox on WINDOWS (45e6be5c-4b25-4e6c-a2dd-b95e943c713d)] -&gt; xpath: //*[@id=&#039;game_content&#039;]//span[contains(@class,&#039;recruit_button&#039;)]], [[FirefoxDriver: firefox on WINDOWS (45e6be5c-4b25-4e6c-a2dd-b95e943c713d)] -&gt; xpath: //*[@id=&#039;game_content&#039;]//span[contains(@class,&#039;recruit_button&#039;)]], [[FirefoxDriver: firefox on WINDOWS (45e6be5c-4b25-4e6c-a2dd-b95e943c713d)] -&gt; xpath: //*[@id=&#039;game_content&#039;]//span[contains(@class,&#039;recruit_button&#039;)]], [[FirefoxDriver: firefox on WINDOWS (45e6be5c-4b25-4e6c-a2dd-b95e943c713d)] -&gt; xpath: //*[@id=&#039;game_content&#039;]//span[contains(@class,&#039;recruit_button&#039;)]], [[FirefoxDriver: firefox on WINDOWS (45e6be5c-4b25-4e6c-a2dd-b95e943c713d)] -&gt; xpath: //*[@id=&#039;game_content&#039;]//span[contains(@class,&#039;recruit_button&#039;)]], [[FirefoxDriver: firefox on WINDOWS (45e6be5c-4b25-4e6c-a2dd-b95e943c713d)] -&gt; xpath: //*[@id=&#039;game_content&#039;]//span[contains(@class,&#039;recruit_button&#039;)]], [[FirefoxDriver: firefox on WINDOWS (45e6be5c-4b25-4e6c-a2dd-b95e943c713d)] -&gt; xpath: //*[@id=&#039;game_content&#039;]//span[contains(@class,&#039;recruit_button&#039;)]], [[FirefoxDriver: firefox on WINDOWS (45e6be5c-4b25-4e6c-a2dd-b95e943c713d)] -&gt; xpath: //*[@id=&#039;game_content&#039;]//span[contains(@class,&#039;recruit_button&#039;)]], [[FirefoxDriver: firefox on WINDOWS (45e6be5c-4b25-4e6c-a2dd-b95e943c713d)] -&gt; xpath: //*[@id=&#039;game_content&#039;]//span[contains(@class,&#039;recruit_button&#039;)]], [[FirefoxDriver: firefox on WINDOWS (45e6be5c-4b25-4e6c-a2dd-b95e943c713d)] -&gt; xpath: //*[@id=&#039;game_content&#039;]//span[contains(@class,&#039;recruit_button&#039;)]], [[FirefoxDriver: firefox on WINDOWS (45e6be5c-4b25-4e6c-a2dd-b95e943c713d)] -&gt; xpath: //*[@id=&#039;game_content&#039;]//span[contains(@class,&#039;recruit_button&#039;)]], [[FirefoxDriver: firefox on WINDOWS (45e6be5c-4b25-4e6c-a2dd-b95e943c713d)] -&gt; xpath: //*[@id=&#039;game_content&#039;]//span[contains(@class,&#039;recruit_button&#039;)]], [[FirefoxDriver: firefox on WINDOWS (45e6be5c-4b25-4e6c-a2dd-b95e943c713d)] -&gt; xpath: //*[@id=&#039;game_content&#039;]//span[contains(@class,&#039;recruit_button&#039;)]], [[FirefoxDriver: firefox on WINDOWS (45e6be5c-4b25-4e6c-a2dd-b95e943c713d)] -&gt; xpath: //*[@id=&#039;game_content&#039;]//span[contains(@class,&#039;recruit_button&#039;)]], [[FirefoxDriver: firefox on WINDOWS (45e6be5c-4b25-4e6c-a2dd-b95e943c713d)] -&gt; xpath: //*[@id=&#039;game_content&#039;]//span[contains(@class,&#039;recruit_button&#039;)]], [[FirefoxDriver: firefox on WINDOWS (45e6be5c-4b25-4e6c-a2dd-b95e943c713d)] -&gt; xpath: //*[@id=&#039;game_content&#039;]//span[contains(@class,&#039;recruit_button&#039;)]], [[FirefoxDriver: firefox on WINDOWS (45e6be5c-4b25-4e6c-a2dd-b95e943c713d)] -&gt; xpath: //*[@id=&#039;game_content&#039;]//span[contains(@class,&#039;recruit_button&#039;)]], [[FirefoxDriver: firefox on WINDOWS (45e6be5c-4b25-4e6c-a2dd-b95e943c713d)] -&gt; xpath: //*[@id=&#039;game_content&#039;]//span[contains(@class,&#039;recruit_button&#039;)]], [[FirefoxDriver: firefox on WINDOWS (45e6be5c-4b25-4e6c-a2dd-b95e943c713d)] -&gt; xpath: //*[@id=&#039;game_content&#039;]//span[contains(@class,&#039;recruit_button&#039;)]], [[FirefoxDriver: firefox on WINDOWS (45e6be5c-4b25-4e6c-a2dd-b95e943c713d)] -&gt; xpath: //*[@id=&#039;game_content&#039;]//span[contains(@class,&#039;recruit_button&#039;)]], [[FirefoxDriver: firefox on WINDOWS (45e6be5c-4b25-4e6c-a2dd-b95e943c713d)] -&gt; xpath: //*[@id=&#039;game_content&#039;]//span[contains(@class,&#039;recruit_button&#039;)]], [[FirefoxDriver: firefox on WINDOWS (45e6be5c-4b25-4e6c-a2dd-b95e943c713d)] -&gt; xpath: //*[@id=&#039;game_content&#039;]//span[contains(@class,&#039;recruit_button&#039;)]], [[FirefoxDriver: firefox on WINDOWS (45e6be5c-4b25-4e6c-a2dd-b95e943c713d)] -&gt; xpath: //*[@id=&#039;game_content&#039;]//span[contains(@class,&#039;recruit_button&#039;)]], [[FirefoxDriver: firefox on WINDOWS (45e6be5c-4b25-4e6c-a2dd-b95e943c713d)] -&gt; xpath: //*[@id=&#039;game_content&#039;]//span[contains(@class,&#039;recruit_button&#039;)]], [[FirefoxDriver: firefox on WINDOWS (45e6be5c-4b25-4e6c-a2dd-b95e943c713d)] -&gt; xpath: //*[@id=&#039;game_content&#039;]//span[contains(@class,&#039;recruit_button&#039;)]], [[FirefoxDriver: firefox on WINDOWS (45e6be5c-4b25-4e6c-a2dd-b95e943c713d)] -&gt; xpath: //*[@id=&#039;game_content&#039;]//span[contains(@class,&#039;recruit_button&#039;)]], [[FirefoxDriver: firefox on WINDOWS (45e6be5c-4b25-4e6c-a2dd-b95e943c713d)] -&gt; xpath: //*[@id=&#039;game_content&#039;]//span[contains(@class,&#039;recruit_button&#039;)]], [[FirefoxDriver: firefox on WINDOWS (45e6be5c-4b25-4e6c-a2dd-b95e943c713d)] -&gt; xpath: //*[@id=&#039;game_content&#039;]//span[contains(@class,&#039;recruit_button&#039;)]], [[FirefoxDriver: firefox on WINDOWS (45e6be5c-4b25-4e6c-a2dd-b95e943c713d)] -&gt; xpath: //*[@id=&#039;game_content&#039;]//span[contains(@class,&#039;recruit_button&#039;)]], [[FirefoxDriver: firefox on WINDOWS (45e6be5c-4b25-4e6c-a2dd-b95e943c713d)] -&gt; xpath: //*[@id=&#039;game_content&#039;]//span[contains(@class,&#039;recruit_button&#039;)]], [[FirefoxDriver: firefox on WINDOWS (45e6be5c-4b25-4e6c-a2dd-b95e943c713d)] -&gt; xpath: //*[@id=&#039;game_content&#039;]//span[contains(@class,&#039;recruit_button&#039;)]], [[FirefoxDriver: firefox on WINDOWS (45e6be5c-4b25-4e6c-a2dd-b95e943c713d)] -&gt; xpath: //*[@id=&#039;game_content&#039;]//span[contains(@class,&#039;recruit_button&#039;)]], [[FirefoxDriver: firefox on WINDOWS (45e6be5c-4b25-4e6c-a2dd-b95e943c713d)] -&gt; xpath: //*[@id=&#039;game_content&#039;]//span[contains(@class,&#039;recruit_button&#039;)]], [[FirefoxDriver: firefox on WINDOWS (45e6be5c-4b25-4e6c-a2dd-b95e943c713d)] -&gt; xpath: //*[@id=&#039;game_content&#039;]//span[contains(@class,&#039;recruit_button&#039;)]], [[FirefoxDriver: firefox on WINDOWS (45e6be5c-4b25-4e6c-a2dd-b95e943c713d)] -&gt; xpath: //*[@id=&#039;game_content&#039;]//span[contains(@class,&#039;recruit_button&#039;)]], [[FirefoxDriver: firefox on WINDOWS (45e6be5c-4b25-4e6c-a2dd-b95e943c713d)] -&gt; xpath: //*[@id=&#039;game_content&#039;]//span[contains(@class,&#039;recruit_button&#039;)]], [[FirefoxDriver: firefox on WINDOWS (45e6be5c-4b25-4e6c-a2dd-b95e943c713d)] -&gt; xpath: //*[@id=&#039;game_content&#039;]//span[contains(@class,&#039;recruit_button&#039;)]], [[FirefoxDriver: firefox on WINDOWS (45e6be5c-4b25-4e6c-a2dd-b95e943c713d)] -&gt; xpath: //*[@id=&#039;game_content&#039;]//span[contains(@class,&#039;recruit_button&#039;)]], [[FirefoxDriver: firefox on WINDOWS (45e6be5c-4b25-4e6c-a2dd-b95e943c713d)] -&gt; xpath: //*[@id=&#039;game_content&#039;]//span[contains(@class,&#039;recruit_button&#039;)]], [[FirefoxDriver: firefox on WINDOWS (45e6be5c-4b25-4e6c-a2dd-b95e943c713d)] -&gt; xpath: //*[@id=&#039;game_content&#039;]//span[contains(@class,&#039;recruit_button&#039;)]], [[FirefoxDriver: firefox on WINDOWS (45e6be5c-4b25-4e6c-a2dd-b95e943c713d)] -&gt; xpath: //*[@id=&#039;game_content&#039;]//span[contains(@class,&#039;recruit_button&#039;)]], [[FirefoxDriver: firefox on WINDOWS (45e6be5c-4b25-4e6c-a2dd-b95e943c713d)] -&gt; xpath: //*[@id=&#039;game_content&#039;]//span[contains(@class,&#039;recruit_button&#039;)]], [[FirefoxDriver: firefox on WINDOWS (45e6be5c-4b25-4e6c-a2dd-b95e943c713d)] -&gt; xpath: //*[@id=&#039;game_content&#039;]//span[contains(@class,&#039;recruit_button&#039;)]], [[FirefoxDriver: firefox on WINDOWS (45e6be5c-4b25-4e6c-a2dd-b95e943c713d)] -&gt; xpath: //*[@id=&#039;game_content&#039;]//span[contains(@class,&#039;recruit_button&#039;)]], [[FirefoxDriver: firefox on WINDOWS (45e6be5c-4b25-4e6c-a2dd-b95e943c713d)] -&gt; xpath: //*[@id=&#039;game_content&#039;]//span[contains(@class,&#039;recruit_button&#039;)]], [[FirefoxDriver: firefox on WINDOWS (45e6be5c-4b25-4e6c-a2dd-b95e943c713d)] -&gt; xpath: //*[@id=&#039;game_content&#039;]//span[contains(@class,&#039;recruit_button&#039;)]], [[FirefoxDriver: firefox on WINDOWS (45e6be5c-4b25-4e6c-a2dd-b95e943c713d)] -&gt; xpath: //*[@id=&#039;game_content&#039;]//span[contains(@class,&#039;recruit_button&#039;)]], [[FirefoxDriver: firefox on WINDOWS (45e6be5c-4b25-4e6c-a2dd-b95e943c713d)] -&gt; xpath: //*[@id=&#039;game_content&#039;]//span[contains(@class,&#039;recruit_button&#039;)]], [[FirefoxDriver: firefox on WINDOWS (45e6be5c-4b25-4e6c-a2dd-b95e943c713d)] -&gt; xpath: //*[@id=&#039;game_content&#039;]//span[contains(@class,&#039;recruit_button&#039;)]], [[FirefoxDriver: firefox on WINDOWS (45e6be5c-4b25-4e6c-a2dd-b95e943c713d)] -&gt; xpath: //*[@id=&#039;game_content&#039;]//span[contains(@class,&#039;recruit_button&#039;)]], [[FirefoxDriver: firefox on WINDOWS (45e6be5c-4b25-4e6c-a2dd-b95e943c713d)] -&gt; xpath: //*[@id=&#039;game_content&#039;]//span[contains(@class,&#039;recruit_button&#039;)]], [[FirefoxDriver: firefox on WINDOWS (45e6be5c-4b25-4e6c-a2dd-b95e943c713d)] -&gt; xpath: //*[@id=&#039;game_content&#039;]//span[contains(@class,&#039;recruit_button&#039;)]], [[FirefoxDriver: firefox on WINDOWS (45e6be5c-4b25-4e6c-a2dd-b95e943c713d)] -&gt; xpath: //*[@id=&#039;game_content&#039;]//span[contains(@class,&#039;recruit_button&#039;)]]]
Build info: version: &#039;2.48.2&#039;, revision: &#039;41bccdd&#039;, time: &#039;2015-10-09 19:55:52&#039;
System info: host: &#039;LP-R901072W&#039;, ip: &#039;10.118.4.27&#039;, os.name: &#039;Windows 10&#039;, os.arch: &#039;x86&#039;, os.version: &#039;10.0&#039;, java.version: &#039;1.8.0_151&#039;
Driver info: org.openqa.selenium.firefox.FirefoxDriver
Capabilities [{applicationCacheEnabled=true, rotatable=false, handlesAlerts=true, databaseEnabled=true, version=32.0.2, platform=WINDOWS, nativeEvents=false, acceptSslCerts=true, webStorageEnabled=true, locationContextEnabled=true, browserName=firefox, takesScreenshot=true, javascriptEnabled=true, cssSelectorsEnabled=true}]
Session ID: 45e6be5c-4b25-4e6c-a2dd-b95e943c713d">
      <![CDATA[org.openqa.selenium.TimeoutException: Timed out after 60 seconds waiting for visibility of all [[[FirefoxDriver: firefox on WINDOWS (45e6be5c-4b25-4e6c-a2dd-b95e943c713d)] -> xpath: //*[@id='game_content']//span[contains(@class,'recruit_button')]], [[FirefoxDriver: firefox on WINDOWS (45e6be5c-4b25-4e6c-a2dd-b95e943c713d)] -> xpath: //*[@id='game_content']//span[contains(@class,'recruit_button')]], [[FirefoxDriver: firefox on WINDOWS (45e6be5c-4b25-4e6c-a2dd-b95e943c713d)] -> xpath: //*[@id='game_content']//span[contains(@class,'recruit_button')]], [[FirefoxDriver: firefox on WINDOWS (45e6be5c-4b25-4e6c-a2dd-b95e943c713d)] -> xpath: //*[@id='game_content']//span[contains(@class,'recruit_button')]], [[FirefoxDriver: firefox on WINDOWS (45e6be5c-4b25-4e6c-a2dd-b95e943c713d)] -> xpath: //*[@id='game_content']//span[contains(@class,'recruit_button')]], [[FirefoxDriver: firefox on WINDOWS (45e6be5c-4b25-4e6c-a2dd-b95e943c713d)] -> xpath: //*[@id='game_content']//span[contains(@class,'recruit_button')]], [[FirefoxDriver: firefox on WINDOWS (45e6be5c-4b25-4e6c-a2dd-b95e943c713d)] -> xpath: //*[@id='game_content']//span[contains(@class,'recruit_button')]], [[FirefoxDriver: firefox on WINDOWS (45e6be5c-4b25-4e6c-a2dd-b95e943c713d)] -> xpath: //*[@id='game_content']//span[contains(@class,'recruit_button')]], [[FirefoxDriver: firefox on WINDOWS (45e6be5c-4b25-4e6c-a2dd-b95e943c713d)] -> xpath: //*[@id='game_content']//span[contains(@class,'recruit_button')]], [[FirefoxDriver: firefox on WINDOWS (45e6be5c-4b25-4e6c-a2dd-b95e943c713d)] -> xpath: //*[@id='game_content']//span[contains(@class,'recruit_button')]], [[FirefoxDriver: firefox on WINDOWS (45e6be5c-4b25-4e6c-a2dd-b95e943c713d)] -> xpath: //*[@id='game_content']//span[contains(@class,'recruit_button')]], [[FirefoxDriver: firefox on WINDOWS (45e6be5c-4b25-4e6c-a2dd-b95e943c713d)] -> xpath: //*[@id='game_content']//span[contains(@class,'recruit_button')]], [[FirefoxDriver: firefox on WINDOWS (45e6be5c-4b25-4e6c-a2dd-b95e943c713d)] -> xpath: //*[@id='game_content']//span[contains(@class,'recruit_button')]], [[FirefoxDriver: firefox on WINDOWS (45e6be5c-4b25-4e6c-a2dd-b95e943c713d)] -> xpath: //*[@id='game_content']//span[contains(@class,'recruit_button')]], [[FirefoxDriver: firefox on WINDOWS (45e6be5c-4b25-4e6c-a2dd-b95e943c713d)] -> xpath: //*[@id='game_content']//span[contains(@class,'recruit_button')]], [[FirefoxDriver: firefox on WINDOWS (45e6be5c-4b25-4e6c-a2dd-b95e943c713d)] -> xpath: //*[@id='game_content']//span[contains(@class,'recruit_button')]], [[FirefoxDriver: firefox on WINDOWS (45e6be5c-4b25-4e6c-a2dd-b95e943c713d)] -> xpath: //*[@id='game_content']//span[contains(@class,'recruit_button')]], [[FirefoxDriver: firefox on WINDOWS (45e6be5c-4b25-4e6c-a2dd-b95e943c713d)] -> xpath: //*[@id='game_content']//span[contains(@class,'recruit_button')]], [[FirefoxDriver: firefox on WINDOWS (45e6be5c-4b25-4e6c-a2dd-b95e943c713d)] -> xpath: //*[@id='game_content']//span[contains(@class,'recruit_button')]], [[FirefoxDriver: firefox on WINDOWS (45e6be5c-4b25-4e6c-a2dd-b95e943c713d)] -> xpath: //*[@id='game_content']//span[contains(@class,'recruit_button')]], [[FirefoxDriver: firefox on WINDOWS (45e6be5c-4b25-4e6c-a2dd-b95e943c713d)] -> xpath: //*[@id='game_content']//span[contains(@class,'recruit_button')]], [[FirefoxDriver: firefox on WINDOWS (45e6be5c-4b25-4e6c-a2dd-b95e943c713d)] -> xpath: //*[@id='game_content']//span[contains(@class,'recruit_button')]], [[FirefoxDriver: firefox on WINDOWS (45e6be5c-4b25-4e6c-a2dd-b95e943c713d)] -> xpath: //*[@id='game_content']//span[contains(@class,'recruit_button')]], [[FirefoxDriver: firefox on WINDOWS (45e6be5c-4b25-4e6c-a2dd-b95e943c713d)] -> xpath: //*[@id='game_content']//span[contains(@class,'recruit_button')]], [[FirefoxDriver: firefox on WINDOWS (45e6be5c-4b25-4e6c-a2dd-b95e943c713d)] -> xpath: //*[@id='game_content']//span[contains(@class,'recruit_button')]], [[FirefoxDriver: firefox on WINDOWS (45e6be5c-4b25-4e6c-a2dd-b95e943c713d)] -> xpath: //*[@id='game_content']//span[contains(@class,'recruit_button')]], [[FirefoxDriver: firefox on WINDOWS (45e6be5c-4b25-4e6c-a2dd-b95e943c713d)] -> xpath: //*[@id='game_content']//span[contains(@class,'recruit_button')]], [[FirefoxDriver: firefox on WINDOWS (45e6be5c-4b25-4e6c-a2dd-b95e943c713d)] -> xpath: //*[@id='game_content']//span[contains(@class,'recruit_button')]], [[FirefoxDriver: firefox on WINDOWS (45e6be5c-4b25-4e6c-a2dd-b95e943c713d)] -> xpath: //*[@id='game_content']//span[contains(@class,'recruit_button')]], [[FirefoxDriver: firefox on WINDOWS (45e6be5c-4b25-4e6c-a2dd-b95e943c713d)] -> xpath: //*[@id='game_content']//span[contains(@class,'recruit_button')]], [[FirefoxDriver: firefox on WINDOWS (45e6be5c-4b25-4e6c-a2dd-b95e943c713d)] -> xpath: //*[@id='game_content']//span[contains(@class,'recruit_button')]], [[FirefoxDriver: firefox on WINDOWS (45e6be5c-4b25-4e6c-a2dd-b95e943c713d)] -> xpath: //*[@id='game_content']//span[contains(@class,'recruit_button')]], [[FirefoxDriver: firefox on WINDOWS (45e6be5c-4b25-4e6c-a2dd-b95e943c713d)] -> xpath: //*[@id='game_content']//span[contains(@class,'recruit_button')]], [[FirefoxDriver: firefox on WINDOWS (45e6be5c-4b25-4e6c-a2dd-b95e943c713d)] -> xpath: //*[@id='game_content']//span[contains(@class,'recruit_button')]], [[FirefoxDriver: firefox on WINDOWS (45e6be5c-4b25-4e6c-a2dd-b95e943c713d)] -> xpath: //*[@id='game_content']//span[contains(@class,'recruit_button')]], [[FirefoxDriver: firefox on WINDOWS (45e6be5c-4b25-4e6c-a2dd-b95e943c713d)] -> xpath: //*[@id='game_content']//span[contains(@class,'recruit_button')]], [[FirefoxDriver: firefox on WINDOWS (45e6be5c-4b25-4e6c-a2dd-b95e943c713d)] -> xpath: //*[@id='game_content']//span[contains(@class,'recruit_button')]], [[FirefoxDriver: firefox on WINDOWS (45e6be5c-4b25-4e6c-a2dd-b95e943c713d)] -> xpath: //*[@id='game_content']//span[contains(@class,'recruit_button')]], [[FirefoxDriver: firefox on WINDOWS (45e6be5c-4b25-4e6c-a2dd-b95e943c713d)] -> xpath: //*[@id='game_content']//span[contains(@class,'recruit_button')]], [[FirefoxDriver: firefox on WINDOWS (45e6be5c-4b25-4e6c-a2dd-b95e943c713d)] -> xpath: //*[@id='game_content']//span[contains(@class,'recruit_button')]], [[FirefoxDriver: firefox on WINDOWS (45e6be5c-4b25-4e6c-a2dd-b95e943c713d)] -> xpath: //*[@id='game_content']//span[contains(@class,'recruit_button')]], [[FirefoxDriver: firefox on WINDOWS (45e6be5c-4b25-4e6c-a2dd-b95e943c713d)] -> xpath: //*[@id='game_content']//span[contains(@class,'recruit_button')]], [[FirefoxDriver: firefox on WINDOWS (45e6be5c-4b25-4e6c-a2dd-b95e943c713d)] -> xpath: //*[@id='game_content']//span[contains(@class,'recruit_button')]], [[FirefoxDriver: firefox on WINDOWS (45e6be5c-4b25-4e6c-a2dd-b95e943c713d)] -> xpath: //*[@id='game_content']//span[contains(@class,'recruit_button')]], [[FirefoxDriver: firefox on WINDOWS (45e6be5c-4b25-4e6c-a2dd-b95e943c713d)] -> xpath: //*[@id='game_content']//span[contains(@class,'recruit_button')]], [[FirefoxDriver: firefox on WINDOWS (45e6be5c-4b25-4e6c-a2dd-b95e943c713d)] -> xpath: //*[@id='game_content']//span[contains(@class,'recruit_button')]], [[FirefoxDriver: firefox on WINDOWS (45e6be5c-4b25-4e6c-a2dd-b95e943c713d)] -> xpath: //*[@id='game_content']//span[contains(@class,'recruit_button')]], [[FirefoxDriver: firefox on WINDOWS (45e6be5c-4b25-4e6c-a2dd-b95e943c713d)] -> xpath: //*[@id='game_content']//span[contains(@class,'recruit_button')]], [[FirefoxDriver: firefox on WINDOWS (45e6be5c-4b25-4e6c-a2dd-b95e943c713d)] -> xpath: //*[@id='game_content']//span[contains(@class,'recruit_button')]], [[FirefoxDriver: firefox on WINDOWS (45e6be5c-4b25-4e6c-a2dd-b95e943c713d)] -> xpath: //*[@id='game_content']//span[contains(@class,'recruit_button')]], [[FirefoxDriver: firefox on WINDOWS (45e6be5c-4b25-4e6c-a2dd-b95e943c713d)] -> xpath: //*[@id='game_content']//span[contains(@class,'recruit_button')]], [[FirefoxDriver: firefox on WINDOWS (45e6be5c-4b25-4e6c-a2dd-b95e943c713d)] -> xpath: //*[@id='game_content']//span[contains(@class,'recruit_button')]], [[FirefoxDriver: firefox on WINDOWS (45e6be5c-4b25-4e6c-a2dd-b95e943c713d)] -> xpath: //*[@id='game_content']//span[contains(@class,'recruit_button')]], [[FirefoxDriver: firefox on WINDOWS (45e6be5c-4b25-4e6c-a2dd-b95e943c713d)] -> xpath: //*[@id='game_content']//span[contains(@class,'recruit_button')]], [[FirefoxDriver: firefox on WINDOWS (45e6be5c-4b25-4e6c-a2dd-b95e943c713d)] -> xpath: //*[@id='game_content']//span[contains(@class,'recruit_button')]], [[FirefoxDriver: firefox on WINDOWS (45e6be5c-4b25-4e6c-a2dd-b95e943c713d)] -> xpath: //*[@id='game_content']//span[contains(@class,'recruit_button')]], [[FirefoxDriver: firefox on WINDOWS (45e6be5c-4b25-4e6c-a2dd-b95e943c713d)] -> xpath: //*[@id='game_content']//span[contains(@class,'recruit_button')]], [[FirefoxDriver: firefox on WINDOWS (45e6be5c-4b25-4e6c-a2dd-b95e943c713d)] -> xpath: //*[@id='game_content']//span[contains(@class,'recruit_button')]], [[FirefoxDriver: firefox on WINDOWS (45e6be5c-4b25-4e6c-a2dd-b95e943c713d)] -> xpath: //*[@id='game_content']//span[contains(@class,'recruit_button')]], [[FirefoxDriver: firefox on WINDOWS (45e6be5c-4b25-4e6c-a2dd-b95e943c713d)] -> xpath: //*[@id='game_content']//span[contains(@class,'recruit_button')]], [[FirefoxDriver: firefox on WINDOWS (45e6be5c-4b25-4e6c-a2dd-b95e943c713d)] -> xpath: //*[@id='game_content']//span[contains(@class,'recruit_button')]], [[FirefoxDriver: firefox on WINDOWS (45e6be5c-4b25-4e6c-a2dd-b95e943c713d)] -> xpath: //*[@id='game_content']//span[contains(@class,'recruit_button')]], [[FirefoxDriver: firefox on WINDOWS (45e6be5c-4b25-4e6c-a2dd-b95e943c713d)] -> xpath: //*[@id='game_content']//span[contains(@class,'recruit_button')]], [[FirefoxDriver: firefox on WINDOWS (45e6be5c-4b25-4e6c-a2dd-b95e943c713d)] -> xpath: //*[@id='game_content']//span[contains(@class,'recruit_button')]], [[FirefoxDriver: firefox on WINDOWS (45e6be5c-4b25-4e6c-a2dd-b95e943c713d)] -> xpath: //*[@id='game_content']//span[contains(@class,'recruit_button')]], [[FirefoxDriver: firefox on WINDOWS (45e6be5c-4b25-4e6c-a2dd-b95e943c713d)] -> xpath: //*[@id='game_content']//span[contains(@class,'recruit_button')]], [[FirefoxDriver: firefox on WINDOWS (45e6be5c-4b25-4e6c-a2dd-b95e943c713d)] -> xpath: //*[@id='game_content']//span[contains(@class,'recruit_button')]], [[FirefoxDriver: firefox on WINDOWS (45e6be5c-4b25-4e6c-a2dd-b95e943c713d)] -> xpath: //*[@id='game_content']//span[contains(@class,'recruit_button')]], [[FirefoxDriver: firefox on WINDOWS (45e6be5c-4b25-4e6c-a2dd-b95e943c713d)] -> xpath: //*[@id='game_content']//span[contains(@class,'recruit_button')]], [[FirefoxDriver: firefox on WINDOWS (45e6be5c-4b25-4e6c-a2dd-b95e943c713d)] -> xpath: //*[@id='game_content']//span[contains(@class,'recruit_button')]], [[FirefoxDriver: firefox on WINDOWS (45e6be5c-4b25-4e6c-a2dd-b95e943c713d)] -> xpath: //*[@id='game_content']//span[contains(@class,'recruit_button')]], [[FirefoxDriver: firefox on WINDOWS (45e6be5c-4b25-4e6c-a2dd-b95e943c713d)] -> xpath: //*[@id='game_content']//span[contains(@class,'recruit_button')]], [[FirefoxDriver: firefox on WINDOWS (45e6be5c-4b25-4e6c-a2dd-b95e943c713d)] -> xpath: //*[@id='game_content']//span[contains(@class,'recruit_button')]], [[FirefoxDriver: firefox on WINDOWS (45e6be5c-4b25-4e6c-a2dd-b95e943c713d)] -> xpath: //*[@id='game_content']//span[contains(@class,'recruit_button')]], [[FirefoxDriver: firefox on WINDOWS (45e6be5c-4b25-4e6c-a2dd-b95e943c713d)] -> xpath: //*[@id='game_content']//span[contains(@class,'recruit_button')]], [[FirefoxDriver: firefox on WINDOWS (45e6be5c-4b25-4e6c-a2dd-b95e943c713d)] -> xpath: //*[@id='game_content']//span[contains(@class,'recruit_button')]], [[FirefoxDriver: firefox on WINDOWS (45e6be5c-4b25-4e6c-a2dd-b95e943c713d)] -> xpath: //*[@id='game_content']//span[contains(@class,'recruit_button')]], [[FirefoxDriver: firefox on WINDOWS (45e6be5c-4b25-4e6c-a2dd-b95e943c713d)] -> xpath: //*[@id='game_content']//span[contains(@class,'recruit_button')]], [[FirefoxDriver: firefox on WINDOWS (45e6be5c-4b25-4e6c-a2dd-b95e943c713d)] -> xpath: //*[@id='game_content']//span[contains(@class,'recruit_button')]], [[FirefoxDriver: firefox on WINDOWS (45e6be5c-4b25-4e6c-a2dd-b95e943c713d)] -> xpath: //*[@id='game_content']//span[contains(@class,'recruit_button')]], [[FirefoxDriver: firefox on WINDOWS (45e6be5c-4b25-4e6c-a2dd-b95e943c713d)] -> xpath: //*[@id='game_content']//span[contains(@class,'recruit_button')]], [[FirefoxDriver: firefox on WINDOWS (45e6be5c-4b25-4e6c-a2dd-b95e943c713d)] -> xpath: //*[@id='game_content']//span[contains(@class,'recruit_button')]], [[FirefoxDriver: firefox on WINDOWS (45e6be5c-4b25-4e6c-a2dd-b95e943c713d)] -> xpath: //*[@id='game_content']//span[contains(@class,'recruit_button')]], [[FirefoxDriver: firefox on WINDOWS (45e6be5c-4b25-4e6c-a2dd-b95e943c713d)] -> xpath: //*[@id='game_content']//span[contains(@class,'recruit_button')]], [[FirefoxDriver: firefox on WINDOWS (45e6be5c-4b25-4e6c-a2dd-b95e943c713d)] -> xpath: //*[@id='game_content']//span[contains(@class,'recruit_button')]], [[FirefoxDriver: firefox on WINDOWS (45e6be5c-4b25-4e6c-a2dd-b95e943c713d)] -> xpath: //*[@id='game_content']//span[contains(@class,'recruit_button')]], [[FirefoxDriver: firefox on WINDOWS (45e6be5c-4b25-4e6c-a2dd-b95e943c713d)] -> xpath: //*[@id='game_content']//span[contains(@class,'recruit_button')]], [[FirefoxDriver: firefox on WINDOWS (45e6be5c-4b25-4e6c-a2dd-b95e943c713d)] -> xpath: //*[@id='game_content']//span[contains(@class,'recruit_button')]], [[FirefoxDriver: firefox on WINDOWS (45e6be5c-4b25-4e6c-a2dd-b95e943c713d)] -> xpath: //*[@id='game_content']//span[contains(@class,'recruit_button')]], [[FirefoxDriver: firefox on WINDOWS (45e6be5c-4b25-4e6c-a2dd-b95e943c713d)] -> xpath: //*[@id='game_content']//span[contains(@class,'recruit_button')]], [[FirefoxDriver: firefox on WINDOWS (45e6be5c-4b25-4e6c-a2dd-b95e943c713d)] -> xpath: //*[@id='game_content']//span[contains(@class,'recruit_button')]], [[FirefoxDriver: firefox on WINDOWS (45e6be5c-4b25-4e6c-a2dd-b95e943c713d)] -> xpath: //*[@id='game_content']//span[contains(@class,'recruit_button')]], [[FirefoxDriver: firefox on WINDOWS (45e6be5c-4b25-4e6c-a2dd-b95e943c713d)] -> xpath: //*[@id='game_content']//span[contains(@class,'recruit_button')]], [[FirefoxDriver: firefox on WINDOWS (45e6be5c-4b25-4e6c-a2dd-b95e943c713d)] -> xpath: //*[@id='game_content']//span[contains(@class,'recruit_button')]], [[FirefoxDriver: firefox on WINDOWS (45e6be5c-4b25-4e6c-a2dd-b95e943c713d)] -> xpath: //*[@id='game_content']//span[contains(@class,'recruit_button')]], [[FirefoxDriver: firefox on WINDOWS (45e6be5c-4b25-4e6c-a2dd-b95e943c713d)] -> xpath: //*[@id='game_content']//span[contains(@class,'recruit_button')]], [[FirefoxDriver: firefox on WINDOWS (45e6be5c-4b25-4e6c-a2dd-b95e943c713d)] -> xpath: //*[@id='game_content']//span[contains(@class,'recruit_button')]], [[FirefoxDriver: firefox on WINDOWS (45e6be5c-4b25-4e6c-a2dd-b95e943c713d)] -> xpath: //*[@id='game_content']//span[contains(@class,'recruit_button')]], [[FirefoxDriver: firefox on WINDOWS (45e6be5c-4b25-4e6c-a2dd-b95e943c713d)] -> xpath: //*[@id='game_content']//span[contains(@class,'recruit_button')]], [[FirefoxDriver: firefox on WINDOWS (45e6be5c-4b25-4e6c-a2dd-b95e943c713d)] -> xpath: //*[@id='game_content']//span[contains(@class,'recruit_button')]], [[FirefoxDriver: firefox on WINDOWS (45e6be5c-4b25-4e6c-a2dd-b95e943c713d)] -> xpath: //*[@id='game_content']//span[contains(@class,'recruit_button')]], [[FirefoxDriver: firefox on WINDOWS (45e6be5c-4b25-4e6c-a2dd-b95e943c713d)] -> xpath: //*[@id='game_content']//span[contains(@class,'recruit_button')]], [[FirefoxDriver: firefox on WINDOWS (45e6be5c-4b25-4e6c-a2dd-b95e943c713d)] -> xpath: //*[@id='game_content']//span[contains(@class,'recruit_button')]], [[FirefoxDriver: firefox on WINDOWS (45e6be5c-4b25-4e6c-a2dd-b95e943c713d)] -> xpath: //*[@id='game_content']//span[contains(@class,'recruit_button')]], [[FirefoxDriver: firefox on WINDOWS (45e6be5c-4b25-4e6c-a2dd-b95e943c713d)] -> xpath: //*[@id='game_content']//span[contains(@class,'recruit_button')]], [[FirefoxDriver: firefox on WINDOWS (45e6be5c-4b25-4e6c-a2dd-b95e943c713d)] -> xpath: //*[@id='game_content']//span[contains(@class,'recruit_button')]], [[FirefoxDriver: firefox on WINDOWS (45e6be5c-4b25-4e6c-a2dd-b95e943c713d)] -> xpath: //*[@id='game_content']//span[contains(@class,'recruit_button')]], [[FirefoxDriver: firefox on WINDOWS (45e6be5c-4b25-4e6c-a2dd-b95e943c713d)] -> xpath: //*[@id='game_content']//span[contains(@class,'recruit_button')]], [[FirefoxDriver: firefox on WINDOWS (45e6be5c-4b25-4e6c-a2dd-b95e943c713d)] -> xpath: //*[@id='game_content']//span[contains(@class,'recruit_button')]], [[FirefoxDriver: firefox on WINDOWS (45e6be5c-4b25-4e6c-a2dd-b95e943c713d)] -> xpath: //*[@id='game_content']//span[contains(@class,'recruit_button')]], [[FirefoxDriver: firefox on WINDOWS (45e6be5c-4b25-4e6c-a2dd-b95e943c713d)] -> xpath: //*[@id='game_content']//span[contains(@class,'recruit_button')]], [[FirefoxDriver: firefox on WINDOWS (45e6be5c-4b25-4e6c-a2dd-b95e943c713d)] -> xpath: //*[@id='game_content']//span[contains(@class,'recruit_button')]], [[FirefoxDriver: firefox on WINDOWS (45e6be5c-4b25-4e6c-a2dd-b95e943c713d)] -> xpath: //*[@id='game_content']//span[contains(@class,'recruit_button')]], [[FirefoxDriver: firefox on WINDOWS (45e6be5c-4b25-4e6c-a2dd-b95e943c713d)] -> xpath: //*[@id='game_content']//span[contains(@class,'recruit_button')]], [[FirefoxDriver: firefox on WINDOWS (45e6be5c-4b25-4e6c-a2dd-b95e943c713d)] -> xpath: //*[@id='game_content']//span[contains(@class,'recruit_button')]], [[FirefoxDriver: firefox on WINDOWS (45e6be5c-4b25-4e6c-a2dd-b95e943c713d)] -> xpath: //*[@id='game_content']//span[contains(@class,'recruit_button')]], [[FirefoxDriver: firefox on WINDOWS (45e6be5c-4b25-4e6c-a2dd-b95e943c713d)] -> xpath: //*[@id='game_content']//span[contains(@class,'recruit_button')]], [[FirefoxDriver: firefox on WINDOWS (45e6be5c-4b25-4e6c-a2dd-b95e943c713d)] -> xpath: //*[@id='game_content']//span[contains(@class,'recruit_button')]], [[FirefoxDriver: firefox on WINDOWS (45e6be5c-4b25-4e6c-a2dd-b95e943c713d)] -> xpath: //*[@id='game_content']//span[contains(@class,'recruit_button')]], [[FirefoxDriver: firefox on WINDOWS (45e6be5c-4b25-4e6c-a2dd-b95e943c713d)] -> xpath: //*[@id='game_content']//span[contains(@class,'recruit_button')]], [[FirefoxDriver: firefox on WINDOWS (45e6be5c-4b25-4e6c-a2dd-b95e943c713d)] -> xpath: //*[@id='game_content']//span[contains(@class,'recruit_button')]], [[FirefoxDriver: firefox on WINDOWS (45e6be5c-4b25-4e6c-a2dd-b95e943c713d)] -> xpath: //*[@id='game_content']//span[contains(@class,'recruit_button')]], [[FirefoxDriver: firefox on WINDOWS (45e6be5c-4b25-4e6c-a2dd-b95e943c713d)] -> xpath: //*[@id='game_content']//span[contains(@class,'recruit_button')]], [[FirefoxDriver: firefox on WINDOWS (45e6be5c-4b25-4e6c-a2dd-b95e943c713d)] -> xpath: //*[@id='game_content']//span[contains(@class,'recruit_button')]], [[FirefoxDriver: firefox on WINDOWS (45e6be5c-4b25-4e6c-a2dd-b95e943c713d)] -> xpath: //*[@id='game_content']//span[contains(@class,'recruit_button')]], [[FirefoxDriver: firefox on WINDOWS (45e6be5c-4b25-4e6c-a2dd-b95e943c713d)] -> xpath: //*[@id='game_content']//span[contains(@class,'recruit_button')]], [[FirefoxDriver: firefox on WINDOWS (45e6be5c-4b25-4e6c-a2dd-b95e943c713d)] -> xpath: //*[@id='game_content']//span[contains(@class,'recruit_button')]], [[FirefoxDriver: firefox on WINDOWS (45e6be5c-4b25-4e6c-a2dd-b95e943c713d)] -> xpath: //*[@id='game_content']//span[contains(@class,'recruit_button')]], [[FirefoxDriver: firefox on WINDOWS (45e6be5c-4b25-4e6c-a2dd-b95e943c713d)] -> xpath: //*[@id='game_content']//span[contains(@class,'recruit_button')]], [[FirefoxDriver: firefox on WINDOWS (45e6be5c-4b25-4e6c-a2dd-b95e943c713d)] -> xpath: //*[@id='game_content']//span[contains(@class,'recruit_button')]], [[FirefoxDriver: firefox on WINDOWS (45e6be5c-4b25-4e6c-a2dd-b95e943c713d)] -> xpath: //*[@id='game_content']//span[contains(@class,'recruit_button')]], [[FirefoxDriver: firefox on WINDOWS (45e6be5c-4b25-4e6c-a2dd-b95e943c713d)] -> xpath: //*[@id='game_content']//span[contains(@class,'recruit_button')]], [[FirefoxDriver: firefox on WINDOWS (45e6be5c-4b25-4e6c-a2dd-b95e943c713d)] -> xpath: //*[@id='game_content']//span[contains(@class,'recruit_button')]], [[FirefoxDriver: firefox on WINDOWS (45e6be5c-4b25-4e6c-a2dd-b95e943c713d)] -> xpath: //*[@id='game_content']//span[contains(@class,'recruit_button')]], [[FirefoxDriver: firefox on WINDOWS (45e6be5c-4b25-4e6c-a2dd-b95e943c713d)] -> xpath: //*[@id='game_content']//span[contains(@class,'recruit_button')]], [[FirefoxDriver: firefox on WINDOWS (45e6be5c-4b25-4e6c-a2dd-b95e943c713d)] -> xpath: //*[@id='game_content']//span[contains(@class,'recruit_button')]], [[FirefoxDriver: firefox on WINDOWS (45e6be5c-4b25-4e6c-a2dd-b95e943c713d)] -> xpath: //*[@id='game_content']//span[contains(@class,'recruit_button')]], [[FirefoxDriver: firefox on WINDOWS (45e6be5c-4b25-4e6c-a2dd-b95e943c713d)] -> xpath: //*[@id='game_content']//span[contains(@class,'recruit_button')]], [[FirefoxDriver: firefox on WINDOWS (45e6be5c-4b25-4e6c-a2dd-b95e943c713d)] -> xpath: //*[@id='game_content']//span[contains(@class,'recruit_button')]], [[FirefoxDriver: firefox on WINDOWS (45e6be5c-4b25-4e6c-a2dd-b95e943c713d)] -> xpath: //*[@id='game_content']//span[contains(@class,'recruit_button')]], [[FirefoxDriver: firefox on WINDOWS (45e6be5c-4b25-4e6c-a2dd-b95e943c713d)] -> xpath: //*[@id='game_content']//span[contains(@class,'recruit_button')]], [[FirefoxDriver: firefox on WINDOWS (45e6be5c-4b25-4e6c-a2dd-b95e943c713d)] -> xpath: //*[@id='game_content']//span[contains(@class,'recruit_button')]], [[FirefoxDriver: firefox on WINDOWS (45e6be5c-4b25-4e6c-a2dd-b95e943c713d)] -> xpath: //*[@id='game_content']//span[contains(@class,'recruit_button')]], [[FirefoxDriver: firefox on WINDOWS (45e6be5c-4b25-4e6c-a2dd-b95e943c713d)] -> xpath: //*[@id='game_content']//span[contains(@class,'recruit_button')]], [[FirefoxDriver: firefox on WINDOWS (45e6be5c-4b25-4e6c-a2dd-b95e943c713d)] -> xpath: //*[@id='game_content']//span[contains(@class,'recruit_button')]], [[FirefoxDriver: firefox on WINDOWS (45e6be5c-4b25-4e6c-a2dd-b95e943c713d)] -> xpath: //*[@id='game_content']//span[contains(@class,'recruit_button')]], [[FirefoxDriver: firefox on WINDOWS (45e6be5c-4b25-4e6c-a2dd-b95e943c713d)] -> xpath: //*[@id='game_content']//span[contains(@class,'recruit_button')]], [[FirefoxDriver: firefox on WINDOWS (45e6be5c-4b25-4e6c-a2dd-b95e943c713d)] -> xpath: //*[@id='game_content']//span[contains(@class,'recruit_button')]], [[FirefoxDriver: firefox on WINDOWS (45e6be5c-4b25-4e6c-a2dd-b95e943c713d)] -> xpath: //*[@id='game_content']//span[contains(@class,'recruit_button')]], [[FirefoxDriver: firefox on WINDOWS (45e6be5c-4b25-4e6c-a2dd-b95e943c713d)] -> xpath: //*[@id='game_content']//span[contains(@class,'recruit_button')]], [[FirefoxDriver: firefox on WINDOWS (45e6be5c-4b25-4e6c-a2dd-b95e943c713d)] -> xpath: //*[@id='game_content']//span[contains(@class,'recruit_button')]], [[FirefoxDriver: firefox on WINDOWS (45e6be5c-4b25-4e6c-a2dd-b95e943c713d)] -> xpath: //*[@id='game_content']//span[contains(@class,'recruit_button')]], [[FirefoxDriver: firefox on WINDOWS (45e6be5c-4b25-4e6c-a2dd-b95e943c713d)] -> xpath: //*[@id='game_content']//span[contains(@class,'recruit_button')]], [[FirefoxDriver: firefox on WINDOWS (45e6be5c-4b25-4e6c-a2dd-b95e943c713d)] -> xpath: //*[@id='game_content']//span[contains(@class,'recruit_button')]], [[FirefoxDriver: firefox on WINDOWS (45e6be5c-4b25-4e6c-a2dd-b95e943c713d)] -> xpath: //*[@id='game_content']//span[contains(@class,'recruit_button')]], [[FirefoxDriver: firefox on WINDOWS (45e6be5c-4b25-4e6c-a2dd-b95e943c713d)] -> xpath: //*[@id='game_content']//span[contains(@class,'recruit_button')]], [[FirefoxDriver: firefox on WINDOWS (45e6be5c-4b25-4e6c-a2dd-b95e943c713d)] -> xpath: //*[@id='game_content']//span[contains(@class,'recruit_button')]], [[FirefoxDriver: firefox on WINDOWS (45e6be5c-4b25-4e6c-a2dd-b95e943c713d)] -> xpath: //*[@id='game_content']//span[contains(@class,'recruit_button')]], [[FirefoxDriver: firefox on WINDOWS (45e6be5c-4b25-4e6c-a2dd-b95e943c713d)] -> xpath: //*[@id='game_content']//span[contains(@class,'recruit_button')]], [[FirefoxDriver: firefox on WINDOWS (45e6be5c-4b25-4e6c-a2dd-b95e943c713d)] -> xpath: //*[@id='game_content']//span[contains(@class,'recruit_button')]], [[FirefoxDriver: firefox on WINDOWS (45e6be5c-4b25-4e6c-a2dd-b95e943c713d)] -> xpath: //*[@id='game_content']//span[contains(@class,'recruit_button')]], [[FirefoxDriver: firefox on WINDOWS (45e6be5c-4b25-4e6c-a2dd-b95e943c713d)] -> xpath: //*[@id='game_content']//span[contains(@class,'recruit_button')]], [[FirefoxDriver: firefox on WINDOWS (45e6be5c-4b25-4e6c-a2dd-b95e943c713d)] -> xpath: //*[@id='game_content']//span[contains(@class,'recruit_button')]], [[FirefoxDriver: firefox on WINDOWS (45e6be5c-4b25-4e6c-a2dd-b95e943c713d)] -> xpath: //*[@id='game_content']//span[contains(@class,'recruit_button')]], [[FirefoxDriver: firefox on WINDOWS (45e6be5c-4b25-4e6c-a2dd-b95e943c713d)] -> xpath: //*[@id='game_content']//span[contains(@class,'recruit_button')]], [[FirefoxDriver: firefox on WINDOWS (45e6be5c-4b25-4e6c-a2dd-b95e943c713d)] -> xpath: //*[@id='game_content']//span[contains(@class,'recruit_button')]], [[FirefoxDriver: firefox on WINDOWS (45e6be5c-4b25-4e6c-a2dd-b95e943c713d)] -> xpath: //*[@id='game_content']//span[contains(@class,'recruit_button')]], [[FirefoxDriver: firefox on WINDOWS (45e6be5c-4b25-4e6c-a2dd-b95e943c713d)] -> xpath: //*[@id='game_content']//span[contains(@class,'recruit_button')]], [[FirefoxDriver: firefox on WINDOWS (45e6be5c-4b25-4e6c-a2dd-b95e943c713d)] -> xpath: //*[@id='game_content']//span[contains(@class,'recruit_button')]], [[FirefoxDriver: firefox on WINDOWS (45e6be5c-4b25-4e6c-a2dd-b95e943c713d)] -> xpath: //*[@id='game_content']//span[contains(@class,'recruit_button')]], [[FirefoxDriver: firefox on WINDOWS (45e6be5c-4b25-4e6c-a2dd-b95e943c713d)] -> xpath: //*[@id='game_content']//span[contains(@class,'recruit_button')]], [[FirefoxDriver: firefox on WINDOWS (45e6be5c-4b25-4e6c-a2dd-b95e943c713d)] -> xpath: //*[@id='game_content']//span[contains(@class,'recruit_button')]], [[FirefoxDriver: firefox on WINDOWS (45e6be5c-4b25-4e6c-a2dd-b95e943c713d)] -> xpath: //*[@id='game_content']//span[contains(@class,'recruit_button')]], [[FirefoxDriver: firefox on WINDOWS (45e6be5c-4b25-4e6c-a2dd-b95e943c713d)] -> xpath: //*[@id='game_content']//span[contains(@class,'recruit_button')]], [[FirefoxDriver: firefox on WINDOWS (45e6be5c-4b25-4e6c-a2dd-b95e943c713d)] -> xpath: //*[@id='game_content']//span[contains(@class,'recruit_button')]], [[FirefoxDriver: firefox on WINDOWS (45e6be5c-4b25-4e6c-a2dd-b95e943c713d)] -> xpath: //*[@id='game_content']//span[contains(@class,'recruit_button')]], [[FirefoxDriver: firefox on WINDOWS (45e6be5c-4b25-4e6c-a2dd-b95e943c713d)] -> xpath: //*[@id='game_content']//span[contains(@class,'recruit_button')]], [[FirefoxDriver: firefox on WINDOWS (45e6be5c-4b25-4e6c-a2dd-b95e943c713d)] -> xpath: //*[@id='game_content']//span[contains(@class,'recruit_button')]], [[FirefoxDriver: firefox on WINDOWS (45e6be5c-4b25-4e6c-a2dd-b95e943c713d)] -> xpath: //*[@id='game_content']//span[contains(@class,'recruit_button')]], [[FirefoxDriver: firefox on WINDOWS (45e6be5c-4b25-4e6c-a2dd-b95e943c713d)] -> xpath: //*[@id='game_content']//span[contains(@class,'recruit_button')]], [[FirefoxDriver: firefox on WINDOWS (45e6be5c-4b25-4e6c-a2dd-b95e943c713d)] -> xpath: //*[@id='game_content']//span[contains(@class,'recruit_button')]], [[FirefoxDriver: firefox on WINDOWS (45e6be5c-4b25-4e6c-a2dd-b95e943c713d)] -> xpath: //*[@id='game_content']//span[contains(@class,'recruit_button')]], [[FirefoxDriver: firefox on WINDOWS (45e6be5c-4b25-4e6c-a2dd-b95e943c713d)] -> xpath: //*[@id='game_content']//span[contains(@class,'recruit_button')]], [[FirefoxDriver: firefox on WINDOWS (45e6be5c-4b25-4e6c-a2dd-b95e943c713d)] -> xpath: //*[@id='game_content']//span[contains(@class,'recruit_button')]], [[FirefoxDriver: firefox on WINDOWS (45e6be5c-4b25-4e6c-a2dd-b95e943c713d)] -> xpath: //*[@id='game_content']//span[contains(@class,'recruit_button')]], [[FirefoxDriver: firefox on WINDOWS (45e6be5c-4b25-4e6c-a2dd-b95e943c713d)] -> xpath: //*[@id='game_content']//span[contains(@class,'recruit_button')]], [[FirefoxDriver: firefox on WINDOWS (45e6be5c-4b25-4e6c-a2dd-b95e943c713d)] -> xpath: //*[@id='game_content']//span[contains(@class,'recruit_button')]], [[FirefoxDriver: firefox on WINDOWS (45e6be5c-4b25-4e6c-a2dd-b95e943c713d)] -> xpath: //*[@id='game_content']//span[contains(@class,'recruit_button')]], [[FirefoxDriver: firefox on WINDOWS (45e6be5c-4b25-4e6c-a2dd-b95e943c713d)] -> xpath: //*[@id='game_content']//span[contains(@class,'recruit_button')]], [[FirefoxDriver: firefox on WINDOWS (45e6be5c-4b25-4e6c-a2dd-b95e943c713d)] -> xpath: //*[@id='game_content']//span[contains(@class,'recruit_button')]], [[FirefoxDriver: firefox on WINDOWS (45e6be5c-4b25-4e6c-a2dd-b95e943c713d)] -> xpath: //*[@id='game_content']//span[contains(@class,'recruit_button')]], [[FirefoxDriver: firefox on WINDOWS (45e6be5c-4b25-4e6c-a2dd-b95e943c713d)] -> xpath: //*[@id='game_content']//span[contains(@class,'recruit_button')]], [[FirefoxDriver: firefox on WINDOWS (45e6be5c-4b25-4e6c-a2dd-b95e943c713d)] -> xpath: //*[@id='game_content']//span[contains(@class,'recruit_button')]], [[FirefoxDriver: firefox on WINDOWS (45e6be5c-4b25-4e6c-a2dd-b95e943c713d)] -> xpath: //*[@id='game_content']//span[contains(@class,'recruit_button')]], [[FirefoxDriver: firefox on WINDOWS (45e6be5c-4b25-4e6c-a2dd-b95e943c713d)] -> xpath: //*[@id='game_content']//span[contains(@class,'recruit_button')]], [[FirefoxDriver: firefox on WINDOWS (45e6be5c-4b25-4e6c-a2dd-b95e943c713d)] -> xpath: //*[@id='game_content']//span[contains(@class,'recruit_button')]], [[FirefoxDriver: firefox on WINDOWS (45e6be5c-4b25-4e6c-a2dd-b95e943c713d)] -> xpath: //*[@id='game_content']//span[contains(@class,'recruit_button')]], [[FirefoxDriver: firefox on WINDOWS (45e6be5c-4b25-4e6c-a2dd-b95e943c713d)] -> xpath: //*[@id='game_content']//span[contains(@class,'recruit_button')]], [[FirefoxDriver: firefox on WINDOWS (45e6be5c-4b25-4e6c-a2dd-b95e943c713d)] -> xpath: //*[@id='game_content']//span[contains(@class,'recruit_button')]], [[FirefoxDriver: firefox on WINDOWS (45e6be5c-4b25-4e6c-a2dd-b95e943c713d)] -> xpath: //*[@id='game_content']//span[contains(@class,'recruit_button')]], [[FirefoxDriver: firefox on WINDOWS (45e6be5c-4b25-4e6c-a2dd-b95e943c713d)] -> xpath: //*[@id='game_content']//span[contains(@class,'recruit_button')]], [[FirefoxDriver: firefox on WINDOWS (45e6be5c-4b25-4e6c-a2dd-b95e943c713d)] -> xpath: //*[@id='game_content']//span[contains(@class,'recruit_button')]], [[FirefoxDriver: firefox on WINDOWS (45e6be5c-4b25-4e6c-a2dd-b95e943c713d)] -> xpath: //*[@id='game_content']//span[contains(@class,'recruit_button')]], [[FirefoxDriver: firefox on WINDOWS (45e6be5c-4b25-4e6c-a2dd-b95e943c713d)] -> xpath: //*[@id='game_content']//span[contains(@class,'recruit_button')]], [[FirefoxDriver: firefox on WINDOWS (45e6be5c-4b25-4e6c-a2dd-b95e943c713d)] -> xpath: //*[@id='game_content']//span[contains(@class,'recruit_button')]], [[FirefoxDriver: firefox on WINDOWS (45e6be5c-4b25-4e6c-a2dd-b95e943c713d)] -> xpath: //*[@id='game_content']//span[contains(@class,'recruit_button')]], [[FirefoxDriver: firefox on WINDOWS (45e6be5c-4b25-4e6c-a2dd-b95e943c713d)] -> xpath: //*[@id='game_content']//span[contains(@class,'recruit_button')]], [[FirefoxDriver: firefox on WINDOWS (45e6be5c-4b25-4e6c-a2dd-b95e943c713d)] -> xpath: //*[@id='game_content']//span[contains(@class,'recruit_button')]], [[FirefoxDriver: firefox on WINDOWS (45e6be5c-4b25-4e6c-a2dd-b95e943c713d)] -> xpath: //*[@id='game_content']//span[contains(@class,'recruit_button')]], [[FirefoxDriver: firefox on WINDOWS (45e6be5c-4b25-4e6c-a2dd-b95e943c713d)] -> xpath: //*[@id='game_content']//span[contains(@class,'recruit_button')]], [[FirefoxDriver: firefox on WINDOWS (45e6be5c-4b25-4e6c-a2dd-b95e943c713d)] -> xpath: //*[@id='game_content']//span[contains(@class,'recruit_button')]], [[FirefoxDriver: firefox on WINDOWS (45e6be5c-4b25-4e6c-a2dd-b95e943c713d)] -> xpath: //*[@id='game_content']//span[contains(@class,'recruit_button')]], [[FirefoxDriver: firefox on WINDOWS (45e6be5c-4b25-4e6c-a2dd-b95e943c713d)] -> xpath: //*[@id='game_content']//span[contains(@class,'recruit_button')]], [[FirefoxDriver: firefox on WINDOWS (45e6be5c-4b25-4e6c-a2dd-b95e943c713d)] -> xpath: //*[@id='game_content']//span[contains(@class,'recruit_button')]], [[FirefoxDriver: firefox on WINDOWS (45e6be5c-4b25-4e6c-a2dd-b95e943c713d)] -> xpath: //*[@id='game_content']//span[contains(@class,'recruit_button')]], [[FirefoxDriver: firefox on WINDOWS (45e6be5c-4b25-4e6c-a2dd-b95e943c713d)] -> xpath: //*[@id='game_content']//span[contains(@class,'recruit_button')]], [[FirefoxDriver: firefox on WINDOWS (45e6be5c-4b25-4e6c-a2dd-b95e943c713d)] -> xpath: //*[@id='game_content']//span[contains(@class,'recruit_button')]], [[FirefoxDriver: firefox on WINDOWS (45e6be5c-4b25-4e6c-a2dd-b95e943c713d)] -> xpath: //*[@id='game_content']//span[contains(@class,'recruit_button')]], [[FirefoxDriver: firefox on WINDOWS (45e6be5c-4b25-4e6c-a2dd-b95e943c713d)] -> xpath: //*[@id='game_content']//span[contains(@class,'recruit_button')]], [[FirefoxDriver: firefox on WINDOWS (45e6be5c-4b25-4e6c-a2dd-b95e943c713d)] -> xpath: //*[@id='game_content']//span[contains(@class,'recruit_button')]], [[FirefoxDriver: firefox on WINDOWS (45e6be5c-4b25-4e6c-a2dd-b95e943c713d)] -> xpath: //*[@id='game_content']//span[contains(@class,'recruit_button')]], [[FirefoxDriver: firefox on WINDOWS (45e6be5c-4b25-4e6c-a2dd-b95e943c713d)] -> xpath: //*[@id='game_content']//span[contains(@class,'recruit_button')]], [[FirefoxDriver: firefox on WINDOWS (45e6be5c-4b25-4e6c-a2dd-b95e943c713d)] -> xpath: //*[@id='game_content']//span[contains(@class,'recruit_button')]]]
Build info: version: '2.48.2', revision: '41bccdd', time: '2015-10-09 19:55:52'
System info: host: 'LP-R901072W', ip: '10.118.4.27', os.name: 'Windows 10', os.arch: 'x86', os.version: '10.0', java.version: '1.8.0_151'
Driver info: org.openqa.selenium.firefox.FirefoxDriver
Capabilities [{applicationCacheEnabled=true, rotatable=false, handlesAlerts=true, databaseEnabled=true, version=32.0.2, platform=WINDOWS, nativeEvents=false, acceptSslCerts=true, webStorageEnabled=true, locationContextEnabled=true, browserName=firefox, takesScreenshot=true, javascriptEnabled=true, cssSelectorsEnabled=true}]
Session ID: 45e6be5c-4b25-4e6c-a2dd-b95e943c713d
	at org.openqa.selenium.support.ui.WebDriverWait.timeoutException(WebDriverWait.java:80)
	at org.openqa.selenium.support.ui.FluentWait.until(FluentWait.java:261)
	at com.moco.RecruitPage.recruitPlayers(RecruitPage.java:55)
	at sun.reflect.NativeMethodAccessorImpl.invoke0(Native Method)
	at sun.reflect.NativeMethodAccessorImpl.invoke(Unknown Source)
	at sun.reflect.DelegatingMethodAccessorImpl.invoke(Unknown Source)
	at java.lang.reflect.Method.invoke(Unknown Source)
	at org.testng.internal.MethodInvocationHelper.invokeMethod(MethodInvocationHelper.java:108)
	at org.testng.internal.Invoker.invokeMethod(Invoker.java:669)
	at org.testng.internal.Invoker.invokeTestMethod(Invoker.java:877)
	at org.testng.internal.Invoker.invokeTestMethods(Invoker.java:1201)
	at org.testng.internal.TestMethodWorker.invokeTestMethods(TestMethodWorker.java:125)
	at org.testng.internal.TestMethodWorker.run(TestMethodWorker.java:109)
	at org.testng.TestRunner.privateRun(TestRunner.java:776)
	at org.testng.TestRunner.run(TestRunner.java:634)
	at org.testng.SuiteRunner.runTest(SuiteRunner.java:425)
	at org.testng.SuiteRunner.runSequentially(SuiteRunner.java:420)
	at org.testng.SuiteRunner.privateRun(SuiteRunner.java:385)
	at org.testng.SuiteRunner.run(SuiteRunner.java:334)
	at org.testng.SuiteRunnerWorker.runSuite(SuiteRunnerWorker.java:52)
	at org.testng.SuiteRunnerWorker.run(SuiteRunnerWorker.java:86)
	at org.testng.TestNG.runSuitesSequentially(TestNG.java:1318)
	at org.testng.TestNG.runSuitesLocally(TestNG.java:1243)
	at org.testng.TestNG.runSuites(TestNG.java:1161)
	at org.testng.TestNG.run(TestNG.java:1129)
	at org.testng.remote.AbstractRemoteTestNG.run(AbstractRemoteTestNG.java:114)
	at org.testng.remote.RemoteTestNG.initAndRun(RemoteTestNG.java:251)
	at org.testng.remote.RemoteTestNG.main(RemoteTestNG.java:77)
]]>
    </error>
  </testcase> <!-- recruitPlayers -->
</testsuite> <!-- com.moco.RecruitPage -->
