<?xml version="1.0" encoding="UTF-8"?>
<!-- Generated by org.testng.reporters.JUnitReportReporter -->
<testsuite skipped="0" hostname="Shree" name="com.test.TestGmail" tests="5" failures="0" timestamp="09 Jul 2017 13:24:00 GMT" time="94.484" errors="0">
  <testcase name="setVacationResponder" time="19.886" classname="com.test.TestGmail"/>
  <testcase name="logout" time="6.758" classname="com.test.TestGmail"/>
  <testcase name="verifyComposeAndSendEmail" time="14.877" classname="com.test.TestGmail"/>
  <testcase name="login" time="25.782" classname="com.test.TestGmail"/>
  <testcase name="verifyInbox" time="27.181" classname="com.test.TestGmail"/>
</testsuite> <!-- com.test.TestGmail -->
