<?xml version="1.0" encoding="UTF-8"?>
<!-- Generated by org.testng.reporters.JUnitReportReporter -->
<testsuite skipped="0" hostname="DS-C101AA553646" name="com.common.BaseTest" tests="1" failures="0" timestamp="21 Dec 2017 12:14:30 GMT" time="5.591" errors="0">
  <testcase name="setUp" time="5.591" classname="com.common.BaseTest"/>
</testsuite> <!-- com.common.BaseTest -->
