<?xml version="1.0" encoding="UTF-8"?>
<!-- Generated by org.testng.reporters.JUnitReportReporter -->
<testsuite skipped="0" hostname="LP-R901072W" name="com.way2AutomationComponents.DatePicker" tests="2" failures="0" timestamp="06 Dec 2017 12:07:27 GMT" time="9.444" errors="0">
  <testcase name="defaultCalendar" time="6.611" classname="com.way2AutomationComponents.DatePicker"/>
  <testcase name="launchDatePickerControls" time="2.833" classname="com.way2AutomationComponents.DatePicker"/>
</testsuite> <!-- com.way2AutomationComponents.DatePicker -->
