<?xml version="1.0" encoding="UTF-8"?>
<!-- Generated by org.testng.reporters.JUnitReportReporter -->
<testsuite skipped="0" hostname="DS-C101AA553646" name="com.way2AutomationComponents.DragAndDropControls" tests="3" failures="0" timestamp="22 Dec 2017 05:23:19 GMT" time="24.624" errors="0">
  <testcase name="DroppableBox" time="6.401" classname="com.way2AutomationComponents.DragAndDropControls"/>
  <testcase name="loginToWay2Automation" time="15.425" classname="com.way2AutomationComponents.DragAndDropControls"/>
  <testcase name="DraggableBox" time="2.798" classname="com.way2AutomationComponents.DragAndDropControls"/>
</testsuite> <!-- com.way2AutomationComponents.DragAndDropControls -->
