<?xml version="1.0" encoding="UTF-8"?>
<!-- Generated by org.testng.reporters.JUnitReportReporter -->
<testsuite skipped="0" hostname="LP-R901072W" name="com.testGmail.TestGmail" tests="5" failures="0" timestamp="27 Nov 2017 10:43:48 GMT" time="62.303" errors="0">
  <testcase name="verifyInbox" time="9.918" classname="com.testGmail.TestGmail"/>
  <testcase name="logout" time="5.729" classname="com.testGmail.TestGmail"/>
  <testcase name="login" time="16.461" classname="com.testGmail.TestGmail"/>
  <testcase name="setVacationResponder" time="17.992" classname="com.testGmail.TestGmail"/>
  <testcase name="verifyComposeAndSendEmail" time="12.203" classname="com.testGmail.TestGmail"/>
</testsuite> <!-- com.testGmail.TestGmail -->
