<?xml version="1.0" encoding="UTF-8"?>
<!-- Generated by org.testng.reporters.JUnitReportReporter -->
<testsuite hostname="LP-5CD6290PDX" name="com.way2AutomationComponents.AutoComplete" tests="1" failures="0" timestamp="11 Dec 2017 07:34:34 GMT" time="4.985" errors="0">
  <testcase name="AutocompleteBox" time="4.985" classname="com.way2AutomationComponents.AutoComplete"/>
</testsuite> <!-- com.way2AutomationComponents.AutoComplete -->
