<?xml version="1.0" encoding="UTF-8"?>
<!-- Generated by org.testng.reporters.JUnitReportReporter -->
<testsuite skipped="0" hostname="LP-R901072W" name="com.way2AutomationComponents.DragAndDropControls" tests="3" failures="0" timestamp="30 Nov 2017 12:30:52 GMT" time="24.940" errors="0">
  <testcase name="loginToWay2Automation" time="15.182" classname="com.way2AutomationComponents.DragAndDropControls"/>
  <testcase name="DraggableBox" time="2.670" classname="com.way2AutomationComponents.DragAndDropControls"/>
  <testcase name="DroppableBox" time="7.088" classname="com.way2AutomationComponents.DragAndDropControls"/>
</testsuite> <!-- com.way2AutomationComponents.DragAndDropControls -->
