<?xml version="1.0" encoding="UTF-8"?>
<!-- Generated by org.testng.reporters.JUnitReportReporter -->
<testsuite skipped="0" hostname="LP-5CD6290PDX" name="com.way2AutomationComponents.DatePicker" tests="2" failures="0" timestamp="11 Dec 2017 13:21:49 GMT" time="13.865" errors="0">
  <testcase name="defaultCalendar" time="12.297" classname="com.way2AutomationComponents.DatePicker"/>
  <testcase name="launchDatePickerControls" time="1.568" classname="com.way2AutomationComponents.DatePicker"/>
</testsuite> <!-- com.way2AutomationComponents.DatePicker -->
