<?xml version="1.0" encoding="UTF-8"?>
<!-- Generated by org.testng.reporters.JUnitReportReporter -->
<testsuite skipped="3" hostname="LP-5CD6290PDX" name="com.way2AutomationComponents.DragAndDropControls" tests="4" failures="0" timestamp="11 Dec 2017 13:15:33 GMT" time="479.421" errors="1">
  <testcase name="DraggableBox" time="0.000" classname="com.way2AutomationComponents.DragAndDropControls">
    <skipped/>
  </testcase> <!-- DraggableBox -->
  <testcase name="DroppableBox" time="0.000" classname="com.way2AutomationComponents.DragAndDropControls">
    <skipped/>
  </testcase> <!-- DroppableBox -->
  <testcase name="loginToWay2Automation" time="0.000" classname="com.way2AutomationComponents.DragAndDropControls">
    <skipped/>
  </testcase> <!-- loginToWay2Automation -->
  <testcase name="launchWebsite" time="479.421" classname="com.way2AutomationComponents.DragAndDropControls">
    <error type="org.openqa.selenium.WebDriverException" message="Process unexpectedly closed with status: 0
Build info: version: &#039;3.8.1&#039;, revision: &#039;6e95a6684b&#039;, time: &#039;2017-12-01T19:05:14.666Z&#039;
System info: host: &#039;LP-5CD6290PDX&#039;, ip: &#039;10.118.4.38&#039;, os.name: &#039;Windows 10&#039;, os.arch: &#039;x86&#039;, os.version: &#039;10.0&#039;, java.version: &#039;1.8.0_151&#039;
Driver info: driver.version: FirefoxDriver
remote stacktrace: stack backtrace:
   0:   0x46c297 - &lt;no info&gt;
   1:   0x43d9fb - &lt;no info&gt;
   2:   0x4225f2 - &lt;no info&gt;
   3:   0x406389 - &lt;no info&gt;
   4:   0x40cc97 - &lt;no info&gt;
   5:   0x657a89 - &lt;no info&gt;
   6:   0x4185b6 - &lt;no info&gt;
   7:   0x6535a1 - &lt;no info&gt;
   8: 0x76ab38f4 - BaseThreadInitThunk
   9: 0x773b5e13 - RtlUnicodeStringToInteger">
      <![CDATA[org.openqa.selenium.WebDriverException: Process unexpectedly closed with status: 0Build info: version: '3.8.1', revision: '6e95a6684b', time: '2017-12-01T19:05:14.666Z'System info: host: 'LP-5CD6290PDX', ip: '10.118.4.38', os.name: 'Windows 10', os.arch: 'x86', os.version: '10.0', java.version: '1.8.0_151'Driver info: driver.version: FirefoxDriverremote stacktrace: stack backtrace:   0:   0x46c297 - <no info>   1:   0x43d9fb - <no info>   2:   0x4225f2 - <no info>   3:   0x406389 - <no info>   4:   0x40cc97 - <no info>   5:   0x657a89 - <no info>   6:   0x4185b6 - <no info>   7:   0x6535a1 - <no info>   8: 0x76ab38f4 - BaseThreadInitThunk   9: 0x773b5e13 - RtlUnicodeStringToIntegerat sun.reflect.NativeConstructorAccessorImpl.newInstance0(Native Method)at sun.reflect.NativeConstructorAccessorImpl.newInstance(Unknown Source)at sun.reflect.DelegatingConstructorAccessorImpl.newInstance(Unknown Source)at java.lang.reflect.Constructor.newInstance(Unknown Source)at org.openqa.selenium.remote.W3CHandshakeResponse.lambda$new$0(W3CHandshakeResponse.java:57)at org.openqa.selenium.remote.W3CHandshakeResponse.lambda$getResponseFunction$2(W3CHandshakeResponse.java:104)at org.openqa.selenium.remote.ProtocolHandshake.lambda$createSession$0(ProtocolHandshake.java:123)at java.util.stream.ReferencePipeline$3$1.accept(Unknown Source)at java.util.Spliterators$ArraySpliterator.tryAdvance(Unknown Source)at java.util.stream.ReferencePipeline.forEachWithCancel(Unknown Source)at java.util.stream.AbstractPipeline.copyIntoWithCancel(Unknown Source)at java.util.stream.AbstractPipeline.copyInto(Unknown Source)at java.util.stream.AbstractPipeline.wrapAndCopyInto(Unknown Source)at java.util.stream.FindOps$FindOp.evaluateSequential(Unknown Source)at java.util.stream.AbstractPipeline.evaluate(Unknown Source)at java.util.stream.ReferencePipeline.findFirst(Unknown Source)at org.openqa.selenium.remote.ProtocolHandshake.createSession(ProtocolHandshake.java:126)at org.openqa.selenium.remote.ProtocolHandshake.createSession(ProtocolHandshake.java:73)at org.openqa.selenium.remote.HttpCommandExecutor.execute(HttpCommandExecutor.java:142)at org.openqa.selenium.remote.service.DriverCommandExecutor.execute(DriverCommandExecutor.java:83)at org.openqa.selenium.remote.RemoteWebDriver.execute(RemoteWebDriver.java:601)at org.openqa.selenium.remote.RemoteWebDriver.startSession(RemoteWebDriver.java:219)at org.openqa.selenium.remote.RemoteWebDriver.<init>(RemoteWebDriver.java:142)at org.openqa.selenium.firefox.FirefoxDriver.<init>(FirefoxDriver.java:120)at org.openqa.selenium.firefox.FirefoxDriver.<init>(FirefoxDriver.java:98)at com.common.Base.launchURL(Base.java:46)at com.way2AutomationComponents.DragAndDropControls.launchWebsite(DragAndDropControls.java:23)at sun.reflect.NativeMethodAccessorImpl.invoke0(Native Method)at sun.reflect.NativeMethodAccessorImpl.invoke(Unknown Source)at sun.reflect.DelegatingMethodAccessorImpl.invoke(Unknown Source)at java.lang.reflect.Method.invoke(Unknown Source)at org.testng.internal.MethodInvocationHelper.invokeMethod(MethodInvocationHelper.java:124)at org.testng.internal.MethodInvocationHelper.invokeMethodConsideringTimeout(MethodInvocationHelper.java:59)at org.testng.internal.Invoker.invokeConfigurationMethod(Invoker.java:451)at org.testng.internal.Invoker.invokeConfigurations(Invoker.java:222)at org.testng.internal.Invoker.invokeConfigurations(Invoker.java:142)at org.testng.TestRunner.beforeRun(TestRunner.java:529)at org.testng.TestRunner.run(TestRunner.java:497)at org.testng.SuiteRunner.runTest(SuiteRunner.java:455)at org.testng.SuiteRunner.runSequentially(SuiteRunner.java:450)at org.testng.SuiteRunner.privateRun(SuiteRunner.java:415)at org.testng.SuiteRunner.run(SuiteRunner.java:364)at org.testng.SuiteRunnerWorker.runSuite(SuiteRunnerWorker.java:52)at org.testng.SuiteRunnerWorker.run(SuiteRunnerWorker.java:84)at org.testng.TestNG.runSuitesSequentially(TestNG.java:1187)at org.testng.TestNG.runSuitesLocally(TestNG.java:1116)at org.testng.TestNG.runSuites(TestNG.java:1028)at org.testng.TestNG.run(TestNG.java:996)at org.testng.remote.AbstractRemoteTestNG.run(AbstractRemoteTestNG.java:114)at org.testng.remote.RemoteTestNG.initAndRun(RemoteTestNG.java:251)at org.testng.remote.RemoteTestNG.main(RemoteTestNG.java:77)]]>
    </error>
  </testcase> <!-- launchWebsite -->
</testsuite> <!-- com.way2AutomationComponents.DragAndDropControls -->
