<?xml version="1.0" encoding="UTF-8"?>
<!-- Generated by org.testng.reporters.JUnitReportReporter -->
<testsuite skipped="0" hostname="LP-R901072W" name="com.testAmazonWebsite.TestAmazon" tests="5" failures="0" timestamp="27 Nov 2017 07:04:32 GMT" time="131.455" errors="0">
  <testcase name="verifyProductDetailsandCheckout" time="68.923" classname="com.testAmazonWebsite.TestAmazon"/>
  <testcase name="login" time="32.684" classname="com.testAmazonWebsite.TestAmazon"/>
  <testcase name="verifyAvailablePaymentMethods" time="0.214" classname="com.testAmazonWebsite.TestAmazon"/>
  <testcase name="logout" time="11.818" classname="com.testAmazonWebsite.TestAmazon"/>
  <testcase name="verifySearchProduct" time="17.816" classname="com.testAmazonWebsite.TestAmazon"/>
</testsuite> <!-- com.testAmazonWebsite.TestAmazon -->
